This is pdfTeX, Version 3.14159265-2.6-1.40.21 (TeX Live 2020/W32TeX) (preloaded format=pdflatex 2020.11.5)  24 NOV 2020 22:40
entering extended mode
 restricted \write18 enabled.
 %&-line parsing enabled.
**aprendizagem_estatistica_diabetes.tex
(./aprendizagem_estatistica_diabetes.tex
LaTeX2e <2020-10-01> patch level 2
L3 programming layer <2020-10-27> xparse <2020-03-03>
(c:/Users/Rodrigo Araujo/AppData/Roaming/TinyTeX/texmf-dist/tex/latex/base/arti
cle.cls
Document Class: article 2020/04/10 v1.4m Standard LaTeX document class

(c:/Users/Rodrigo Araujo/AppData/Roaming/TinyTeX/texmf-dist/tex/latex/base/size
10.clo
File: size10.clo 2020/04/10 v1.4m Standard LaTeX file (size option)
)
\c@part=\count175
\c@section=\count176
\c@subsection=\count177
\c@subsubsection=\count178
\c@paragraph=\count179
\c@subparagraph=\count180
\c@figure=\count181
\c@table=\count182
\abovecaptionskip=\skip47
\belowcaptionskip=\skip48
\bibindent=\dimen138
)
(c:/Users/Rodrigo Araujo/AppData/Roaming/TinyTeX/texmf-dist/tex/latex/lm/lmoder
n.sty
Package: lmodern 2009/10/30 v1.6 Latin Modern Fonts
LaTeX Font Info:    Overwriting symbol font `operators' in version `normal'
(Font)                  OT1/cmr/m/n --> OT1/lmr/m/n on input line 22.
LaTeX Font Info:    Overwriting symbol font `letters' in version `normal'
(Font)                  OML/cmm/m/it --> OML/lmm/m/it on input line 23.
LaTeX Font Info:    Overwriting symbol font `symbols' in version `normal'
(Font)                  OMS/cmsy/m/n --> OMS/lmsy/m/n on input line 24.
LaTeX Font Info:    Overwriting symbol font `largesymbols' in version `normal'
(Font)                  OMX/cmex/m/n --> OMX/lmex/m/n on input line 25.
LaTeX Font Info:    Overwriting symbol font `operators' in version `bold'
(Font)                  OT1/cmr/bx/n --> OT1/lmr/bx/n on input line 26.
LaTeX Font Info:    Overwriting symbol font `letters' in version `bold'
(Font)                  OML/cmm/b/it --> OML/lmm/b/it on input line 27.
LaTeX Font Info:    Overwriting symbol font `symbols' in version `bold'
(Font)                  OMS/cmsy/b/n --> OMS/lmsy/b/n on input line 28.
LaTeX Font Info:    Overwriting symbol font `largesymbols' in version `bold'
(Font)                  OMX/cmex/m/n --> OMX/lmex/m/n on input line 29.
LaTeX Font Info:    Overwriting math alphabet `\mathbf' in version `normal'
(Font)                  OT1/cmr/bx/n --> OT1/lmr/bx/n on input line 31.
LaTeX Font Info:    Overwriting math alphabet `\mathsf' in version `normal'
(Font)                  OT1/cmss/m/n --> OT1/lmss/m/n on input line 32.
LaTeX Font Info:    Overwriting math alphabet `\mathit' in version `normal'
(Font)                  OT1/cmr/m/it --> OT1/lmr/m/it on input line 33.
LaTeX Font Info:    Overwriting math alphabet `\mathtt' in version `normal'
(Font)                  OT1/cmtt/m/n --> OT1/lmtt/m/n on input line 34.
LaTeX Font Info:    Overwriting math alphabet `\mathbf' in version `bold'
(Font)                  OT1/cmr/bx/n --> OT1/lmr/bx/n on input line 35.
LaTeX Font Info:    Overwriting math alphabet `\mathsf' in version `bold'
(Font)                  OT1/cmss/bx/n --> OT1/lmss/bx/n on input line 36.
LaTeX Font Info:    Overwriting math alphabet `\mathit' in version `bold'
(Font)                  OT1/cmr/bx/it --> OT1/lmr/bx/it on input line 37.
LaTeX Font Info:    Overwriting math alphabet `\mathtt' in version `bold'
(Font)                  OT1/cmtt/m/n --> OT1/lmtt/m/n on input line 38.
)
(c:/Users/Rodrigo Araujo/AppData/Roaming/TinyTeX/texmf-dist/tex/latex/amsfonts/
amssymb.sty
Package: amssymb 2013/01/14 v3.01 AMS font symbols

(c:/Users/Rodrigo Araujo/AppData/Roaming/TinyTeX/texmf-dist/tex/latex/amsfonts/
amsfonts.sty
Package: amsfonts 2013/01/14 v3.01 Basic AMSFonts support
\@emptytoks=\toks15
\symAMSa=\mathgroup4
\symAMSb=\mathgroup5
LaTeX Font Info:    Redeclaring math symbol \hbar on input line 98.
LaTeX Font Info:    Overwriting math alphabet `\mathfrak' in version `bold'
(Font)                  U/euf/m/n --> U/euf/b/n on input line 106.
))
(c:/Users/Rodrigo Araujo/AppData/Roaming/TinyTeX/texmf-dist/tex/latex/amsmath/a
msmath.sty
Package: amsmath 2020/09/23 v2.17i AMS math features
\@mathmargin=\skip49
For additional information on amsmath, use the `?' option.

(c:/Users/Rodrigo Araujo/AppData/Roaming/TinyTeX/texmf-dist/tex/latex/amsmath/a
mstext.sty
Package: amstext 2000/06/29 v2.01 AMS text

(c:/Users/Rodrigo Araujo/AppData/Roaming/TinyTeX/texmf-dist/tex/latex/amsmath/a
msgen.sty
File: amsgen.sty 1999/11/30 v2.0 generic functions
\@emptytoks=\toks16
\ex@=\dimen139
))
(c:/Users/Rodrigo Araujo/AppData/Roaming/TinyTeX/texmf-dist/tex/latex/amsmath/a
msbsy.sty
Package: amsbsy 1999/11/29 v1.2d Bold Symbols
\pmbraise@=\dimen140
)
(c:/Users/Rodrigo Araujo/AppData/Roaming/TinyTeX/texmf-dist/tex/latex/amsmath/a
msopn.sty
Package: amsopn 2016/03/08 v2.02 operator names
)
\inf@bad=\count183
LaTeX Info: Redefining \frac on input line 234.
\uproot@=\count184
\leftroot@=\count185
LaTeX Info: Redefining \overline on input line 399.
\classnum@=\count186
\DOTSCASE@=\count187
LaTeX Info: Redefining \ldots on input line 496.
LaTeX Info: Redefining \dots on input line 499.
LaTeX Info: Redefining \cdots on input line 620.
\Mathstrutbox@=\box47
\strutbox@=\box48
\big@size=\dimen141
LaTeX Font Info:    Redeclaring font encoding OML on input line 743.
LaTeX Font Info:    Redeclaring font encoding OMS on input line 744.
\macc@depth=\count188
\c@MaxMatrixCols=\count189
\dotsspace@=\muskip16
\c@parentequation=\count190
\dspbrk@lvl=\count191
\tag@help=\toks17
\row@=\count192
\column@=\count193
\maxfields@=\count194
\andhelp@=\toks18
\eqnshift@=\dimen142
\alignsep@=\dimen143
\tagshift@=\dimen144
\tagwidth@=\dimen145
\totwidth@=\dimen146
\lineht@=\dimen147
\@envbody=\toks19
\multlinegap=\skip50
\multlinetaggap=\skip51
\mathdisplay@stack=\toks20
LaTeX Info: Redefining \[ on input line 2923.
LaTeX Info: Redefining \] on input line 2924.
)
(c:/Users/Rodrigo Araujo/AppData/Roaming/TinyTeX/texmf-dist/tex/generic/iftex/i
fxetex.sty
Package: ifxetex 2019/10/25 v0.7 ifxetex legacy package. Use iftex instead.

(c:/Users/Rodrigo Araujo/AppData/Roaming/TinyTeX/texmf-dist/tex/generic/iftex/i
ftex.sty
Package: iftex 2020/03/06 v1.0d TeX engine tests
))
(c:/Users/Rodrigo Araujo/AppData/Roaming/TinyTeX/texmf-dist/tex/generic/iftex/i
fluatex.sty
Package: ifluatex 2019/10/25 v1.5 ifluatex legacy package. Use iftex instead.
)
(c:/Users/Rodrigo Araujo/AppData/Roaming/TinyTeX/texmf-dist/tex/latex/base/fixl
tx2e.sty
Package: fixltx2e 2016/12/29 v2.1a fixes to LaTeX (obsolete)
Applying: [2015/01/01] Old fixltx2e package on input line 46.

Package fixltx2e Warning: fixltx2e is not required with releases after 2015
(fixltx2e)                All fixes are now in the LaTeX kernel.
(fixltx2e)                See the latexrelease package for details.

Already applied: [0000/00/00] Old fixltx2e package on input line 53.
)
(c:/Users/Rodrigo Araujo/AppData/Roaming/TinyTeX/texmf-dist/tex/latex/base/font
enc.sty
Package: fontenc 2020/08/10 v2.0s Standard LaTeX package
LaTeX Font Info:    Trying to load font information for T1+lmr on input line 11
2.

(c:/Users/Rodrigo Araujo/AppData/Roaming/TinyTeX/texmf-dist/tex/latex/lm/t1lmr.
fd
File: t1lmr.fd 2009/10/30 v1.6 Font defs for Latin Modern
))
(c:/Users/Rodrigo Araujo/AppData/Roaming/TinyTeX/texmf-dist/tex/latex/base/inpu
tenc.sty
Package: inputenc 2020/08/01 v1.3d Input encoding file
\inpenc@prehook=\toks21
\inpenc@posthook=\toks22
)
(c:/Users/Rodrigo Araujo/AppData/Roaming/TinyTeX/texmf-dist/tex/latex/hyperref/
hyperref.sty
Package: hyperref 2020-05-15 v7.00e Hypertext links for LaTeX

(c:/Users/Rodrigo Araujo/AppData/Roaming/TinyTeX/texmf-dist/tex/generic/ltxcmds
/ltxcmds.sty
Package: ltxcmds 2020-05-10 v1.25 LaTeX kernel commands for general use (HO)
)
(c:/Users/Rodrigo Araujo/AppData/Roaming/TinyTeX/texmf-dist/tex/generic/pdftexc
mds/pdftexcmds.sty
Package: pdftexcmds 2020-06-27 v0.33 Utility functions of pdfTeX for LuaTeX (HO
)

(c:/Users/Rodrigo Araujo/AppData/Roaming/TinyTeX/texmf-dist/tex/generic/infware
rr/infwarerr.sty
Package: infwarerr 2019/12/03 v1.5 Providing info/warning/error messages (HO)
)
Package pdftexcmds Info: \pdf@primitive is available.
Package pdftexcmds Info: \pdf@ifprimitive is available.
Package pdftexcmds Info: \pdfdraftmode found.
)
(c:/Users/Rodrigo Araujo/AppData/Roaming/TinyTeX/texmf-dist/tex/latex/graphics/
keyval.sty
Package: keyval 2014/10/28 v1.15 key=value parser (DPC)
\KV@toks@=\toks23
)
(c:/Users/Rodrigo Araujo/AppData/Roaming/TinyTeX/texmf-dist/tex/generic/kvsetke
ys/kvsetkeys.sty
Package: kvsetkeys 2019/12/15 v1.18 Key value parser (HO)
)
(c:/Users/Rodrigo Araujo/AppData/Roaming/TinyTeX/texmf-dist/tex/generic/kvdefin
ekeys/kvdefinekeys.sty
Package: kvdefinekeys 2019-12-19 v1.6 Define keys (HO)
)
(c:/Users/Rodrigo Araujo/AppData/Roaming/TinyTeX/texmf-dist/tex/generic/pdfesca
pe/pdfescape.sty
Package: pdfescape 2019/12/09 v1.15 Implements pdfTeX's escape features (HO)
)
(c:/Users/Rodrigo Araujo/AppData/Roaming/TinyTeX/texmf-dist/tex/latex/hycolor/h
ycolor.sty
Package: hycolor 2020-01-27 v1.10 Color options for hyperref/bookmark (HO)
)
(c:/Users/Rodrigo Araujo/AppData/Roaming/TinyTeX/texmf-dist/tex/latex/letltxmac
ro/letltxmacro.sty
Package: letltxmacro 2019/12/03 v1.6 Let assignment for LaTeX macros (HO)
)
(c:/Users/Rodrigo Araujo/AppData/Roaming/TinyTeX/texmf-dist/tex/latex/auxhook/a
uxhook.sty
Package: auxhook 2019-12-17 v1.6 Hooks for auxiliary files (HO)
)
(c:/Users/Rodrigo Araujo/AppData/Roaming/TinyTeX/texmf-dist/tex/latex/kvoptions
/kvoptions.sty
Package: kvoptions 2020-10-07 v3.14 Key value format for package options (HO)
)
\@linkdim=\dimen148
\Hy@linkcounter=\count195
\Hy@pagecounter=\count196

(c:/Users/Rodrigo Araujo/AppData/Roaming/TinyTeX/texmf-dist/tex/latex/hyperref/
pd1enc.def
File: pd1enc.def 2020-05-15 v7.00e Hyperref: PDFDocEncoding definition (HO)
Now handling font encoding PD1 ...
... no UTF-8 mapping file for font encoding PD1
)
(c:/Users/Rodrigo Araujo/AppData/Roaming/TinyTeX/texmf-dist/tex/generic/intcalc
/intcalc.sty
Package: intcalc 2019/12/15 v1.3 Expandable calculations with integers (HO)
)
(c:/Users/Rodrigo Araujo/AppData/Roaming/TinyTeX/texmf-dist/tex/generic/etexcmd
s/etexcmds.sty
Package: etexcmds 2019/12/15 v1.7 Avoid name clashes with e-TeX commands (HO)
)
\Hy@SavedSpaceFactor=\count197
Package hyperref Info: Option `unicode' set `true' on input line 4338.

(c:/Users/Rodrigo Araujo/AppData/Roaming/TinyTeX/texmf-dist/tex/latex/hyperref/
puenc.def
File: puenc.def 2020-05-15 v7.00e Hyperref: PDF Unicode definition (HO)
Now handling font encoding PU ...
... no UTF-8 mapping file for font encoding PU
)
Package hyperref Info: Hyper figures OFF on input line 4464.
Package hyperref Info: Link nesting OFF on input line 4469.
Package hyperref Info: Hyper index ON on input line 4472.
Package hyperref Info: Plain pages OFF on input line 4479.
Package hyperref Info: Backreferencing OFF on input line 4484.
Package hyperref Info: Implicit mode ON; LaTeX internals redefined.
Package hyperref Info: Bookmarks ON on input line 4717.
\c@Hy@tempcnt=\count198

(c:/Users/Rodrigo Araujo/AppData/Roaming/TinyTeX/texmf-dist/tex/latex/url/url.s
ty
\Urlmuskip=\muskip17
Package: url 2013/09/16  ver 3.4  Verb mode for urls, etc.
)
LaTeX Info: Redefining \url on input line 5076.
\XeTeXLinkMargin=\dimen149

(c:/Users/Rodrigo Araujo/AppData/Roaming/TinyTeX/texmf-dist/tex/generic/bitset/
bitset.sty
Package: bitset 2019/12/09 v1.3 Handle bit-vector datatype (HO)

(c:/Users/Rodrigo Araujo/AppData/Roaming/TinyTeX/texmf-dist/tex/generic/bigintc
alc/bigintcalc.sty
Package: bigintcalc 2019/12/15 v1.5 Expandable calculations on big integers (HO
)
))
\Fld@menulength=\count199
\Field@Width=\dimen150
\Fld@charsize=\dimen151
Package hyperref Info: Hyper figures OFF on input line 6347.
Package hyperref Info: Link nesting OFF on input line 6352.
Package hyperref Info: Hyper index ON on input line 6355.
Package hyperref Info: backreferencing OFF on input line 6362.
Package hyperref Info: Link coloring OFF on input line 6367.
Package hyperref Info: Link coloring with OCG OFF on input line 6372.
Package hyperref Info: PDF/A mode OFF on input line 6377.
LaTeX Info: Redefining \ref on input line 6417.
LaTeX Info: Redefining \pageref on input line 6421.

(c:/Users/Rodrigo Araujo/AppData/Roaming/TinyTeX/texmf-dist/tex/latex/base/atbe
gshi-ltx.sty
Package: atbegshi-ltx 2020/08/17 v1.0a Emulation of the original atbegshi packa
ge
with kernel methods
)
\Hy@abspage=\count266
\c@Item=\count267
\c@Hfootnote=\count268
)
Package hyperref Info: Driver (autodetected): hpdftex.

(c:/Users/Rodrigo Araujo/AppData/Roaming/TinyTeX/texmf-dist/tex/latex/hyperref/
hpdftex.def
File: hpdftex.def 2020-05-15 v7.00e Hyperref driver for pdfTeX

(c:/Users/Rodrigo Araujo/AppData/Roaming/TinyTeX/texmf-dist/tex/latex/base/atve
ryend-ltx.sty
Package: atveryend-ltx 2020/08/19 v1.0a Emulation of the original atvery packag
e
with kernel methods
)
\Fld@listcount=\count269
\c@bookmark@seq@number=\count270

(c:/Users/Rodrigo Araujo/AppData/Roaming/TinyTeX/texmf-dist/tex/latex/rerunfile
check/rerunfilecheck.sty
Package: rerunfilecheck 2019/12/05 v1.9 Rerun checks for auxiliary files (HO)

(c:/Users/Rodrigo Araujo/AppData/Roaming/TinyTeX/texmf-dist/tex/generic/uniquec
ounter/uniquecounter.sty
Package: uniquecounter 2019/12/15 v1.4 Provide unlimited unique counter (HO)
)
Package uniquecounter Info: New unique counter `rerunfilecheck' on input line 2
86.
)
\Hy@SectionHShift=\skip52
)
Package hyperref Info: Option `breaklinks' set `true' on input line 29.

(c:/Users/Rodrigo Araujo/AppData/Roaming/TinyTeX/texmf-dist/tex/latex/geometry/
geometry.sty
Package: geometry 2020/01/02 v5.9 Page Geometry

(c:/Users/Rodrigo Araujo/AppData/Roaming/TinyTeX/texmf-dist/tex/generic/iftex/i
fvtex.sty
Package: ifvtex 2019/10/25 v1.7 ifvtex legacy package. Use iftex instead.
)
\Gm@cnth=\count271
\Gm@cntv=\count272
\c@Gm@tempcnt=\count273
\Gm@bindingoffset=\dimen152
\Gm@wd@mp=\dimen153
\Gm@odd@mp=\dimen154
\Gm@even@mp=\dimen155
\Gm@layoutwidth=\dimen156
\Gm@layoutheight=\dimen157
\Gm@layouthoffset=\dimen158
\Gm@layoutvoffset=\dimen159
\Gm@dimlist=\toks24
)
(c:/Users/Rodrigo Araujo/AppData/Roaming/TinyTeX/texmf-dist/tex/generic/babel/b
abel.sty
Package: babel 2020/10/27 3.51 The Babel package

(c:/Users/Rodrigo Araujo/AppData/Roaming/TinyTeX/texmf-dist/tex/generic/babel/b
abel.def
File: babel.def 2020/10/27 3.51 Babel common definitions
\babel@savecnt=\count274
\U@D=\dimen160
\l@babelnohyphens=\language4

(c:/Users/Rodrigo Araujo/AppData/Roaming/TinyTeX/texmf-dist/tex/generic/babel/t
xtbabel.def)
\bbl@readstream=\read2
)
\bbl@dirlevel=\count275

(c:/Users/Rodrigo Araujo/AppData/Roaming/TinyTeX/texmf-dist/tex/generic/babel-p
ortuges/brazil.ldf
Language: portuges 2020/05/04 v1.2r Portuguese support from the babel system
Package babel Info: \l@brazil = using hyphenrules for portuguese
(babel)             (\language3) on input line 111.
)
(c:/Users/Rodrigo Araujo/AppData/Roaming/TinyTeX/texmf-dist/tex/generic/babel-p
ortuges/brazil.ldf
Language: portuges 2020/05/04 v1.2r Portuguese support from the babel system
))
(c:/Users/Rodrigo Araujo/AppData/Roaming/TinyTeX/texmf-dist/tex/latex/graphics/
color.sty
Package: color 2020/02/24 v1.2b Standard LaTeX Color (DPC)

(c:/Users/Rodrigo Araujo/AppData/Roaming/TinyTeX/texmf-dist/tex/latex/graphics-
cfg/color.cfg
File: color.cfg 2016/01/02 v1.6 sample color configuration
)
Package color Info: Driver file: pdftex.def on input line 147.

(c:/Users/Rodrigo Araujo/AppData/Roaming/TinyTeX/texmf-dist/tex/latex/graphics-
def/pdftex.def
File: pdftex.def 2020/10/05 v1.2a Graphics/color driver for pdftex
))
(c:/Users/Rodrigo Araujo/AppData/Roaming/TinyTeX/texmf-dist/tex/latex/fancyvrb/
fancyvrb.sty
Package: fancyvrb 2020/05/03 v3.6 verbatim text (tvz,hv)
\FV@CodeLineNo=\count276
\FV@InFile=\read3
\FV@TabBox=\box49
\c@FancyVerbLine=\count277
\FV@StepNumber=\count278
\FV@OutFile=\write3
)
(c:/Users/Rodrigo Araujo/AppData/Roaming/TinyTeX/texmf-dist/tex/latex/framed/fr
amed.sty
Package: framed 2011/10/22 v 0.96: framed or shaded text with page breaks
\OuterFrameSep=\skip53
\fb@frw=\dimen161
\fb@frh=\dimen162
\FrameRule=\dimen163
\FrameSep=\dimen164
)
(c:/Users/Rodrigo Araujo/AppData/Roaming/TinyTeX/texmf-dist/tex/latex/graphics/
graphicx.sty
Package: graphicx 2020/09/09 v1.2b Enhanced LaTeX Graphics (DPC,SPQR)

(c:/Users/Rodrigo Araujo/AppData/Roaming/TinyTeX/texmf-dist/tex/latex/graphics/
graphics.sty
Package: graphics 2020/08/30 v1.4c Standard LaTeX Graphics (DPC,SPQR)

(c:/Users/Rodrigo Araujo/AppData/Roaming/TinyTeX/texmf-dist/tex/latex/graphics/
trig.sty
Package: trig 2016/01/03 v1.10 sin cos tan (DPC)
)
(c:/Users/Rodrigo Araujo/AppData/Roaming/TinyTeX/texmf-dist/tex/latex/graphics-
cfg/graphics.cfg
File: graphics.cfg 2016/06/04 v1.11 sample graphics configuration
)
Package graphics Info: Driver file: pdftex.def on input line 105.
)
\Gin@req@height=\dimen165
\Gin@req@width=\dimen166
)
(c:/Users/Rodrigo Araujo/AppData/Roaming/TinyTeX/texmf-dist/tex/latex/grffile/g
rffile.sty
Package: grffile 2019/11/11 v2.1 Extended file name support for graphics (legac
y)
Package grffile Info: This package is an empty stub for compatibility on input 
line 40.
)
(c:/Users/Rodrigo Araujo/AppData/Roaming/TinyTeX/texmf-dist/tex/latex/float/flo
at.sty
Package: float 2001/11/08 v1.3d Float enhancements (AL)
\c@float@type=\count279
\float@exts=\toks25
\float@box=\box50
\@float@everytoks=\toks26
\@floatcapt=\box51
)
(c:/Users/Rodrigo Araujo/AppData/Roaming/TinyTeX/texmf-dist/tex/latex/amscls/am
sthm.sty
Package: amsthm 2020/05/29 v2.20.6
\thm@style=\toks27
\thm@bodyfont=\toks28
\thm@headfont=\toks29
\thm@notefont=\toks30
\thm@headpunct=\toks31
\thm@preskip=\skip54
\thm@postskip=\skip55
\thm@headsep=\skip56
\dth@everypar=\toks32
)
(c:/Users/Rodrigo Araujo/AppData/Roaming/TinyTeX/texmf-dist/tex/latex/tools/ind
entfirst.sty
Package: indentfirst 1995/11/23 v1.03 Indent first paragraph (DPC)
)
(c:/Users/Rodrigo Araujo/AppData/Roaming/TinyTeX/texmf-dist/tex/latex/booktabs/
booktabs.sty
Package: booktabs 2020/01/12 v1.61803398 Publication quality tables
\heavyrulewidth=\dimen167
\lightrulewidth=\dimen168
\cmidrulewidth=\dimen169
\belowrulesep=\dimen170
\belowbottomsep=\dimen171
\aboverulesep=\dimen172
\abovetopsep=\dimen173
\cmidrulesep=\dimen174
\cmidrulekern=\dimen175
\defaultaddspace=\dimen176
\@cmidla=\count280
\@cmidlb=\count281
\@aboverulesep=\dimen177
\@belowrulesep=\dimen178
\@thisruleclass=\count282
\@lastruleclass=\count283
\@thisrulewidth=\dimen179
)
(c:/Users/Rodrigo Araujo/AppData/Roaming/TinyTeX/texmf-dist/tex/latex/tools/dco
lumn.sty
Package: dcolumn 2014/10/28 v1.06 decimal alignment package (DPC)

(c:/Users/Rodrigo Araujo/AppData/Roaming/TinyTeX/texmf-dist/tex/latex/tools/arr
ay.sty
Package: array 2020/10/01 v2.5c Tabular extension package (FMi)
\col@sep=\dimen180
\ar@mcellbox=\box52
\extrarowheight=\dimen181
\NC@list=\toks33
\extratabsurround=\skip57
\backup@length=\skip58
\ar@cellbox=\box53
))
(c:/Users/Rodrigo Araujo/AppData/Roaming/TinyTeX/texmf-dist/tex/latex/tools/bm.
sty
Package: bm 2019/07/24 v1.2d Bold Symbol Support (DPC/FMi)
\symboldoperators=\mathgroup6
\symboldletters=\mathgroup7
\symboldsymbols=\mathgroup8
LaTeX Font Info:    Redeclaring math alphabet \mathbf on input line 141.
LaTeX Info: Redefining \bm on input line 209.
)
(c:/Users/Rodrigo Araujo/AppData/Roaming/TinyTeX/texmf-dist/tex/latex/titling/t
itling.sty
Package: titling 2009/09/04 v2.1d maketitle typesetting
\thanksmarkwidth=\skip59
\thanksmargin=\skip60
\droptitle=\skip61
)
(c:/Users/Rodrigo Araujo/AppData/Roaming/TinyTeX/texmf-dist/tex/latex/footmisc/
footmisc.sty
Package: footmisc 2011/06/06 v5.5b a miscellany of footnote facilities
\FN@temptoken=\toks34
\footnotemargin=\dimen182
\c@pp@next@reset=\count284
Package footmisc Info: Declaring symbol style bringhurst on input line 855.
Package footmisc Info: Declaring symbol style chicago on input line 863.
Package footmisc Info: Declaring symbol style wiley on input line 872.
Package footmisc Info: Declaring symbol style lamport-robust on input line 883.

Package footmisc Info: Declaring symbol style lamport* on input line 903.
Package footmisc Info: Declaring symbol style lamport*-robust on input line 924
.
)
(c:/Users/Rodrigo Araujo/AppData/Roaming/TinyTeX/texmf-dist/tex/latex/pdfpages/
pdfpages.sty
Package: pdfpages 2020/01/28 v0.5q Insert pages of external PDF documents (AM)

(c:/Users/Rodrigo Araujo/AppData/Roaming/TinyTeX/texmf-dist/tex/latex/base/ifth
en.sty
Package: ifthen 2014/09/29 v1.1c Standard LaTeX ifthen package (DPC)
)
(c:/Users/Rodrigo Araujo/AppData/Roaming/TinyTeX/texmf-dist/tex/latex/tools/cal
c.sty
Package: calc 2017/05/25 v4.3 Infix arithmetic (KKT,FJ)
\calc@Acount=\count285
\calc@Bcount=\count286
\calc@Adimen=\dimen183
\calc@Bdimen=\dimen184
\calc@Askip=\skip62
\calc@Bskip=\skip63
LaTeX Info: Redefining \setlength on input line 80.
LaTeX Info: Redefining \addtolength on input line 81.
\calc@Ccount=\count287
\calc@Cskip=\skip64
)
(c:/Users/Rodrigo Araujo/AppData/Roaming/TinyTeX/texmf-dist/tex/latex/eso-pic/e
so-pic.sty
Package: eso-pic 2020/10/14 v3.0a eso-pic (RN)
\ESO@tempdima=\dimen185
\ESO@tempdimb=\dimen186
)
\AM@pagewidth=\dimen187
\AM@pageheight=\dimen188

(c:/Users/Rodrigo Araujo/AppData/Roaming/TinyTeX/texmf-dist/tex/latex/pdfpages/
pppdftex.def
File: pppdftex.def 2020/01/28 v0.5q Pdfpages driver for pdfTeX (AM)
)
\AM@pagebox=\box54
\AM@global@opts=\toks35
\AM@pagecnt=\count288
\AM@toc@title=\toks36
\c@AM@survey=\count289
\AM@templatesizebox=\box55
)
(c:/Users/Rodrigo Araujo/AppData/Roaming/TinyTeX/texmf-dist/tex/latex/tocloft/t
ocloft.sty
Package: tocloft 2017/08/31 v2.3i parameterised ToC, etc., typesetting
Package tocloft Info: The document has section divisions on input line 51.
\cftparskip=\skip65
\cftbeforetoctitleskip=\skip66
\cftaftertoctitleskip=\skip67
\cftbeforepartskip=\skip68
\cftpartnumwidth=\skip69
\cftpartindent=\skip70
\cftbeforesecskip=\skip71
\cftsecindent=\skip72
\cftsecnumwidth=\skip73
\cftbeforesubsecskip=\skip74
\cftsubsecindent=\skip75
\cftsubsecnumwidth=\skip76
\cftbeforesubsubsecskip=\skip77
\cftsubsubsecindent=\skip78
\cftsubsubsecnumwidth=\skip79
\cftbeforeparaskip=\skip80
\cftparaindent=\skip81
\cftparanumwidth=\skip82
\cftbeforesubparaskip=\skip83
\cftsubparaindent=\skip84
\cftsubparanumwidth=\skip85
\cftbeforeloftitleskip=\skip86
\cftafterloftitleskip=\skip87
\cftbeforefigskip=\skip88
\cftfigindent=\skip89
\cftfignumwidth=\skip90
\c@lofdepth=\count290
\c@lotdepth=\count291
\cftbeforelottitleskip=\skip91
\cftafterlottitleskip=\skip92
\cftbeforetabskip=\skip93
\cfttabindent=\skip94
\cfttabnumwidth=\skip95
)
(c:/Users/Rodrigo Araujo/AppData/Roaming/TinyTeX/texmf-dist/tex/latex/cleveref/
cleveref.sty
Package: cleveref 2018/03/27 v0.21.4 Intelligent cross-referencing
Package cleveref Info: `hyperref' support loaded on input line 2370.
LaTeX Info: Redefining \cref on input line 2370.
LaTeX Info: Redefining \Cref on input line 2370.
LaTeX Info: Redefining \crefrange on input line 2370.
LaTeX Info: Redefining \Crefrange on input line 2370.
LaTeX Info: Redefining \cpageref on input line 2370.
LaTeX Info: Redefining \Cpageref on input line 2370.
LaTeX Info: Redefining \cpagerefrange on input line 2370.
LaTeX Info: Redefining \Cpagerefrange on input line 2370.
LaTeX Info: Redefining \labelcref on input line 2370.
LaTeX Info: Redefining \labelcpageref on input line 2370.
Package cleveref Info: `amsthm' support loaded on input line 3026.
)
(c:/Users/Rodrigo Araujo/AppData/Roaming/TinyTeX/texmf-dist/tex/latex/tools/lon
gtable.sty
Package: longtable 2020/01/07 v4.13 Multi-page Table package (DPC)
\LTleft=\skip96
\LTright=\skip97
\LTpre=\skip98
\LTpost=\skip99
\LTchunksize=\count292
\LTcapwidth=\dimen189
\LT@head=\box56
\LT@firsthead=\box57
\LT@foot=\box58
\LT@lastfoot=\box59
\LT@cols=\count293
\LT@rows=\count294
\c@LT@tables=\count295
\c@LT@chunks=\count296
\LT@p@ftn=\toks37
)
(c:/Users/Rodrigo Araujo/AppData/Roaming/TinyTeX/texmf-dist/tex/latex/multirow/
multirow.sty
Package: multirow 2019/05/31 v2.5 Span multiple rows of a table
\multirow@colwidth=\skip100
\multirow@cntb=\count297
\multirow@dima=\skip101
\bigstrutjot=\dimen190
)
(c:/Users/Rodrigo Araujo/AppData/Roaming/TinyTeX/texmf-dist/tex/latex/wrapfig/w
rapfig.sty
\wrapoverhang=\dimen191
\WF@size=\dimen192
\c@WF@wrappedlines=\count298
\WF@box=\box60
\WF@everypar=\toks38
Package: wrapfig 2003/01/31  v 3.6
)
(c:/Users/Rodrigo Araujo/AppData/Roaming/TinyTeX/texmf-dist/tex/latex/colortbl/
colortbl.sty
Package: colortbl 2020/01/04 v1.0e Color table columns (DPC)
\everycr=\toks39
\minrowclearance=\skip102
)
(c:/Users/Rodrigo Araujo/AppData/Roaming/TinyTeX/texmf-dist/tex/latex/pdflscape
/pdflscape.sty
Package: pdflscape 2019/12/05 v0.12 Display of landscape pages in PDF (HO)

(c:/Users/Rodrigo Araujo/AppData/Roaming/TinyTeX/texmf-dist/tex/latex/graphics/
lscape.sty
Package: lscape 2020/05/28 v3.02 Landscape Pages (DPC)
)
Package pdflscape Info: Auto-detected driver: pdftex on input line 81.
)
(c:/Users/Rodrigo Araujo/AppData/Roaming/TinyTeX/texmf-dist/tex/latex/tabu/tabu
.sty
Package: tabu 2019/01/11 v2.9 - flexible LaTeX tabulars (FC+tabu-fixed)

(c:/Users/Rodrigo Araujo/AppData/Roaming/TinyTeX/texmf-dist/tex/latex/varwidth/
varwidth.sty
Package: varwidth 2009/03/30 ver 0.92;  Variable-width minipages
\@vwid@box=\box61
\sift@deathcycles=\count299
\@vwid@loff=\dimen193
\@vwid@roff=\dimen194
)
\c@taburow=\count300
\tabu@nbcols=\count301
\tabu@cnt=\count302
\tabu@Xcol=\count303
\tabu@alloc=\count304
\tabu@nested=\count305
\tabu@target=\dimen195
\tabu@spreadtarget=\dimen196
\tabu@naturalX=\dimen197
\tabucolX=\dimen198
\tabu@Xsum=\dimen199
\extrarowdepth=\dimen256
\abovetabulinesep=\dimen257
\belowtabulinesep=\dimen258
\tabustrutrule=\dimen259
\tabu@thebody=\toks40
\tabu@footnotes=\toks41
\tabu@box=\box62
\tabu@arstrutbox=\box63
\tabu@hleads=\box64
\tabu@vleads=\box65
\tabu@cellskip=\skip103
)
(c:/Users/Rodrigo Araujo/AppData/Roaming/TinyTeX/texmf-dist/tex/latex/threepart
table/threeparttable.sty
Package: threeparttable 2003/06/13  v 3.0
\@tempboxb=\box66
)
(c:/Users/Rodrigo Araujo/AppData/Roaming/TinyTeX/texmf-dist/tex/latex/threepart
tablex/threeparttablex.sty
Package: threeparttablex 2013/07/23 v0.3 by daleif

(c:/Users/Rodrigo Araujo/AppData/Roaming/TinyTeX/texmf-dist/tex/latex/environ/e
nviron.sty
Package: environ 2014/05/04 v0.3 A new way to define environments

(c:/Users/Rodrigo Araujo/AppData/Roaming/TinyTeX/texmf-dist/tex/latex/trimspace
s/trimspaces.sty
Package: trimspaces 2009/09/17 v1.1 Trim spaces around a token list
))
\TPTL@width=\skip104
)
(c:/Users/Rodrigo Araujo/AppData/Roaming/TinyTeX/texmf-dist/tex/generic/ulem/ul
em.sty
\UL@box=\box67
\UL@hyphenbox=\box68
\UL@skip=\skip105
\UL@hook=\toks42
\UL@height=\dimen260
\UL@pe=\count306
\UL@pixel=\dimen261
\ULC@box=\box69
Package: ulem 2019/11/18
\ULdepth=\dimen262
)
(c:/Users/Rodrigo Araujo/AppData/Roaming/TinyTeX/texmf-dist/tex/latex/makecell/
makecell.sty
Package: makecell 2009/08/03 V0.1e Managing of Tab Column Heads and Cells
\rotheadsize=\dimen263
\c@nlinenum=\count307
\TeXr@lab=\toks43
)
(c:/Users/Rodrigo Araujo/AppData/Roaming/TinyTeX/texmf-dist/tex/latex/xcolor/xc
olor.sty
Package: xcolor 2016/05/11 v2.12 LaTeX color extensions (UK)

(c:/Users/Rodrigo Araujo/AppData/Roaming/TinyTeX/texmf-dist/tex/latex/graphics-
cfg/color.cfg
File: color.cfg 2016/01/02 v1.6 sample color configuration
)
Package xcolor Info: Driver file: pdftex.def on input line 225.
LaTeX Info: Redefining \color on input line 709.
Package xcolor Info: Model `cmy' substituted by `cmy0' on input line 1348.
Package xcolor Info: Model `hsb' substituted by `rgb' on input line 1352.
Package xcolor Info: Model `RGB' extended on input line 1364.
Package xcolor Info: Model `HTML' substituted by `rgb' on input line 1366.
Package xcolor Info: Model `Hsb' substituted by `hsb' on input line 1367.
Package xcolor Info: Model `tHsb' substituted by `hsb' on input line 1368.
Package xcolor Info: Model `HSB' substituted by `hsb' on input line 1369.
Package xcolor Info: Model `Gray' substituted by `gray' on input line 1370.
Package xcolor Info: Model `wave' substituted by `hsb' on input line 1371.
)
(c:/Users/Rodrigo Araujo/AppData/Roaming/TinyTeX/texmf-dist/tex/latex/l3backend
/l3backend-pdftex.def
File: l3backend-pdftex.def 2020-09-24 L3 backend support: PDF output (pdfTeX)
\l__kernel_color_stack_int=\count308
\l__pdf_internal_box=\box70
) (./aprendizagem_estatistica_diabetes.aux)
\openout1 = `aprendizagem_estatistica_diabetes.aux'.

LaTeX Font Info:    Checking defaults for OML/cmm/m/it on input line 155.
LaTeX Font Info:    ... okay on input line 155.
LaTeX Font Info:    Checking defaults for OMS/cmsy/m/n on input line 155.
LaTeX Font Info:    ... okay on input line 155.
LaTeX Font Info:    Checking defaults for OT1/cmr/m/n on input line 155.
LaTeX Font Info:    ... okay on input line 155.
LaTeX Font Info:    Checking defaults for T1/cmr/m/n on input line 155.
LaTeX Font Info:    ... okay on input line 155.
LaTeX Font Info:    Checking defaults for TS1/cmr/m/n on input line 155.
LaTeX Font Info:    ... okay on input line 155.
LaTeX Font Info:    Checking defaults for OMX/cmex/m/n on input line 155.
LaTeX Font Info:    ... okay on input line 155.
LaTeX Font Info:    Checking defaults for U/cmr/m/n on input line 155.
LaTeX Font Info:    ... okay on input line 155.
LaTeX Font Info:    Checking defaults for PD1/pdf/m/n on input line 155.
LaTeX Font Info:    ... okay on input line 155.
LaTeX Font Info:    Checking defaults for PU/pdf/m/n on input line 155.
LaTeX Font Info:    ... okay on input line 155.
Package hyperref Info: Link coloring OFF on input line 155.

(c:/Users/Rodrigo Araujo/AppData/Roaming/TinyTeX/texmf-dist/tex/latex/hyperref/
nameref.sty
Package: nameref 2019/09/16 v2.46 Cross-referencing by name of section

(c:/Users/Rodrigo Araujo/AppData/Roaming/TinyTeX/texmf-dist/tex/latex/refcount/
refcount.sty
Package: refcount 2019/12/15 v3.6 Data extraction from label references (HO)
)
(c:/Users/Rodrigo Araujo/AppData/Roaming/TinyTeX/texmf-dist/tex/generic/gettitl
estring/gettitlestring.sty
Package: gettitlestring 2019/12/15 v1.6 Cleanup title references (HO)
)
\c@section@level=\count309
)
LaTeX Info: Redefining \ref on input line 155.
LaTeX Info: Redefining \pageref on input line 155.
LaTeX Info: Redefining \nameref on input line 155.
(./aprendizagem_estatistica_diabetes.out) (./aprendizagem_estatistica_diabetes.
out)
\@outlinefile=\write4
\openout4 = `aprendizagem_estatistica_diabetes.out'.

*geometry* driver: auto-detecting
*geometry* detected driver: pdftex
*geometry* verbose mode - [ preamble ] result:
* driver: pdftex
* paper: <default>
* layout: <same size as paper>
* layoutoffset:(h,v)=(0.0pt,0.0pt)
* modes: 
* h-part:(L,W,R)=(72.26999pt, 469.75502pt, 72.26999pt)
* v-part:(T,H,B)=(72.26999pt, 650.43001pt, 72.26999pt)
* \paperwidth=614.295pt
* \paperheight=794.96999pt
* \textwidth=469.75502pt
* \textheight=650.43001pt
* \oddsidemargin=0.0pt
* \evensidemargin=0.0pt
* \topmargin=-37.0pt
* \headheight=12.0pt
* \headsep=25.0pt
* \topskip=10.0pt
* \footskip=30.0pt
* \marginparwidth=65.0pt
* \marginparsep=11.0pt
* \columnsep=10.0pt
* \skip\footins=9.0pt plus 4.0pt minus 2.0pt
* \hoffset=0.0pt
* \voffset=0.0pt
* \mag=1000
* \@twocolumnfalse
* \@twosidefalse
* \@mparswitchfalse
* \@reversemarginfalse
* (1in=72.27pt=25.4mm, 1cm=28.453pt)


(c:/Users/Rodrigo Araujo/AppData/Roaming/TinyTeX/texmf-dist/tex/latex/epstopdf-
pkg/epstopdf-base.sty
Package: epstopdf-base 2020-01-24 v2.11 Base part for package epstopdf
Package epstopdf-base Info: Redefining graphics rule for `.eps' on input line 4
85.

(c:/Users/Rodrigo Araujo/AppData/Roaming/TinyTeX/texmf-dist/tex/latex/latexconf
ig/epstopdf-sys.cfg
File: epstopdf-sys.cfg 2010/07/13 v1.3 Configuration of (r)epstopdf for TeX Liv
e
))
LaTeX Font Info:    Trying to load font information for OT1+lmr on input line 1
56.

(c:/Users/Rodrigo Araujo/AppData/Roaming/TinyTeX/texmf-dist/tex/latex/lm/ot1lmr
.fd
File: ot1lmr.fd 2009/10/30 v1.6 Font defs for Latin Modern
)
LaTeX Font Info:    Trying to load font information for OML+lmm on input line 1
56.

(c:/Users/Rodrigo Araujo/AppData/Roaming/TinyTeX/texmf-dist/tex/latex/lm/omllmm
.fd
File: omllmm.fd 2009/10/30 v1.6 Font defs for Latin Modern
)
LaTeX Font Info:    Trying to load font information for OMS+lmsy on input line 
156.

(c:/Users/Rodrigo Araujo/AppData/Roaming/TinyTeX/texmf-dist/tex/latex/lm/omslms
y.fd
File: omslmsy.fd 2009/10/30 v1.6 Font defs for Latin Modern
)
LaTeX Font Info:    Trying to load font information for OMX+lmex on input line 
156.

(c:/Users/Rodrigo Araujo/AppData/Roaming/TinyTeX/texmf-dist/tex/latex/lm/omxlme
x.fd
File: omxlmex.fd 2009/10/30 v1.6 Font defs for Latin Modern
)
LaTeX Font Info:    External font `lmex10' loaded for size
(Font)              <12> on input line 156.
LaTeX Font Info:    External font `lmex10' loaded for size
(Font)              <8> on input line 156.
LaTeX Font Info:    External font `lmex10' loaded for size
(Font)              <6> on input line 156.
LaTeX Font Info:    Trying to load font information for U+msa on input line 156
.

(c:/Users/Rodrigo Araujo/AppData/Roaming/TinyTeX/texmf-dist/tex/latex/amsfonts/
umsa.fd
File: umsa.fd 2013/01/14 v3.01 AMS symbols A
)
LaTeX Font Info:    Trying to load font information for U+msb on input line 156
.

(c:/Users/Rodrigo Araujo/AppData/Roaming/TinyTeX/texmf-dist/tex/latex/amsfonts/
umsb.fd
File: umsb.fd 2013/01/14 v3.01 AMS symbols B
)
LaTeX Font Info:    External font `lmex10' loaded for size
(Font)              <5> on input line 156.
(./aprendizagem_estatistica_diabetes.toc
LaTeX Font Info:    External font `lmex10' loaded for size
(Font)              <10> on input line 2.
LaTeX Font Info:    External font `lmex10' loaded for size
(Font)              <7> on input line 2.
)
\tf@toc=\write5
\openout5 = `aprendizagem_estatistica_diabetes.toc'.

[1

{c:/Users/Rodrigo Araujo/AppData/Roaming/TinyTeX/texmf-var/fonts/map/pdftex/upd
map/pdftex.map}]

Package xcolor Warning: Incompatible color definition on input line 172.

LaTeX Font Info:    Trying to load font information for T1+lmtt on input line 1
73.

(c:/Users/Rodrigo Araujo/AppData/Roaming/TinyTeX/texmf-dist/tex/latex/lm/t1lmtt
.fd
File: t1lmtt.fd 2009/10/30 v1.6 Font defs for Latin Modern
)
LaTeX Font Info:    Font shape `T1/lmtt/bx/n' in size <10> not available
(Font)              Font shape `T1/lmtt/b/n' tried instead on input line 174.

Package xcolor Warning: Incompatible color definition on input line 176.


Package xcolor Warning: Incompatible color definition on input line 176.


Package xcolor Warning: Incompatible color definition on input line 193.


Package xcolor Warning: Incompatible color definition on input line 204.


Package xcolor Warning: Incompatible color definition on input line 204.


Overfull \hbox (65.17554pt too wide) in paragraph at lines 210--223
 [][] 
 []


Package xcolor Warning: Incompatible color definition on input line 227.


Package xcolor Warning: Incompatible color definition on input line 237.


Package xcolor Warning: Incompatible color definition on input line 237.

[2pdfTeX warning (ext4): destination with the same identifier (name{table.1}) h
as been already used, duplicate ignored
<argument> ...shipout:D \box_use:N \l_shipout_box 
                                                  
l.243 \end{verbatim}
                    ]

Package xcolor Warning: Incompatible color definition on input line 245.


Package xcolor Warning: Incompatible color definition on input line 249.


Package xcolor Warning: Incompatible color definition on input line 249.


Package xcolor Warning: Incompatible color definition on input line 255.


Package xcolor Warning: Incompatible color definition on input line 259.


Package xcolor Warning: Incompatible color definition on input line 259.


Package xcolor Warning: Incompatible color definition on input line 284.


Package xcolor Warning: Incompatible color definition on input line 288.


Package xcolor Warning: Incompatible color definition on input line 288.


Package xcolor Warning: Incompatible color definition on input line 315.


Package xcolor Warning: Incompatible color definition on input line 327.


Package xcolor Warning: Incompatible color definition on input line 327.


Package xcolor Warning: Incompatible color definition on input line 327.

[3]

Package xcolor Warning: Incompatible color definition on input line 327.


Package xcolor Warning: Incompatible color definition on input line 327.

<aprendizagem_estatistica_diabetes_files/figure-latex/unnamed-chunk-3-1.pdf, id
=128, 469.755pt x 325.215pt>
File: aprendizagem_estatistica_diabetes_files/figure-latex/unnamed-chunk-3-1.pd
f Graphic file (type pdf)
<use aprendizagem_estatistica_diabetes_files/figure-latex/unnamed-chunk-3-1.pdf
>
Package pdftex.def Info: aprendizagem_estatistica_diabetes_files/figure-latex/u
nnamed-chunk-3-1.pdf  used on input line 329.
(pdftex.def)             Requested size: 469.75386pt x 325.2142pt.

Overfull \hbox (39.99884pt too wide) in paragraph at lines 329--330
[][] 
 []


Package xcolor Warning: Incompatible color definition on input line 331.


Package xcolor Warning: Incompatible color definition on input line 347.


Package xcolor Warning: Incompatible color definition on input line 347.

[4 <./aprendizagem_estatistica_diabetes_files/figure-latex/unnamed-chunk-3-1.pd
f>] [5]
<aprendizagem_estatistica_diabetes_files/figure-latex/unnamed-chunk-3-2.pdf, id
=142, 469.755pt x 325.215pt>
File: aprendizagem_estatistica_diabetes_files/figure-latex/unnamed-chunk-3-2.pd
f Graphic file (type pdf)
<use aprendizagem_estatistica_diabetes_files/figure-latex/unnamed-chunk-3-2.pdf
>
Package pdftex.def Info: aprendizagem_estatistica_diabetes_files/figure-latex/u
nnamed-chunk-3-2.pdf  used on input line 422.
(pdftex.def)             Requested size: 469.75386pt x 325.2142pt.

Overfull \hbox (39.99884pt too wide) in paragraph at lines 422--423
[][] 
 []


Package xcolor Warning: Incompatible color definition on input line 424.


Package xcolor Warning: Incompatible color definition on input line 437.


Package xcolor Warning: Incompatible color definition on input line 437.

<aprendizagem_estatistica_diabetes_files/figure-latex/unnamed-chunk-3-3.pdf, id
=143, 469.755pt x 325.215pt>
File: aprendizagem_estatistica_diabetes_files/figure-latex/unnamed-chunk-3-3.pd
f Graphic file (type pdf)
<use aprendizagem_estatistica_diabetes_files/figure-latex/unnamed-chunk-3-3.pdf
>
Package pdftex.def Info: aprendizagem_estatistica_diabetes_files/figure-latex/u
nnamed-chunk-3-3.pdf  used on input line 439.
(pdftex.def)             Requested size: 469.75386pt x 325.2142pt.

Overfull \hbox (39.99884pt too wide) in paragraph at lines 439--440
[][] 
 []


Package xcolor Warning: Incompatible color definition on input line 441.

[6 <./aprendizagem_estatistica_diabetes_files/figure-latex/unnamed-chunk-3-2.pd
f>]

Package xcolor Warning: Incompatible color definition on input line 457.


Package xcolor Warning: Incompatible color definition on input line 457.

<aprendizagem_estatistica_diabetes_files/figure-latex/unnamed-chunk-3-4.pdf, id
=157, 469.755pt x 325.215pt>
File: aprendizagem_estatistica_diabetes_files/figure-latex/unnamed-chunk-3-4.pd
f Graphic file (type pdf)
<use aprendizagem_estatistica_diabetes_files/figure-latex/unnamed-chunk-3-4.pdf
>
Package pdftex.def Info: aprendizagem_estatistica_diabetes_files/figure-latex/u
nnamed-chunk-3-4.pdf  used on input line 463.
(pdftex.def)             Requested size: 469.75386pt x 325.2142pt.

Overfull \hbox (39.99884pt too wide) in paragraph at lines 463--464
[][] 
 []


Package xcolor Warning: Incompatible color definition on input line 465.

[7 <./aprendizagem_estatistica_diabetes_files/figure-latex/unnamed-chunk-3-3.pd
f>]

Package xcolor Warning: Incompatible color definition on input line 475.


Package xcolor Warning: Incompatible color definition on input line 475.

<aprendizagem_estatistica_diabetes_files/figure-latex/unnamed-chunk-3-5.pdf, id
=170, 469.755pt x 325.215pt>
File: aprendizagem_estatistica_diabetes_files/figure-latex/unnamed-chunk-3-5.pd
f Graphic file (type pdf)
<use aprendizagem_estatistica_diabetes_files/figure-latex/unnamed-chunk-3-5.pdf
>
Package pdftex.def Info: aprendizagem_estatistica_diabetes_files/figure-latex/u
nnamed-chunk-3-5.pdf  used on input line 477.
(pdftex.def)             Requested size: 469.75386pt x 325.2142pt.

Overfull \hbox (39.99884pt too wide) in paragraph at lines 477--478
[][] 
 []

[8 <./aprendizagem_estatistica_diabetes_files/figure-latex/unnamed-chunk-3-4.pd
f>]

Package xcolor Warning: Incompatible color definition on input line 481.


Package xcolor Warning: Incompatible color definition on input line 486.


Package xcolor Warning: Incompatible color definition on input line 486.


Package xcolor Warning: Incompatible color definition on input line 492.


Package xcolor Warning: Incompatible color definition on input line 496.


Package xcolor Warning: Incompatible color definition on input line 496.

[9 <./aprendizagem_estatistica_diabetes_files/figure-latex/unnamed-chunk-3-5.pd
f>]

Package xcolor Warning: Incompatible color definition on input line 543.


Package xcolor Warning: Incompatible color definition on input line 616.


Package xcolor Warning: Incompatible color definition on input line 616.


Package xcolor Warning: Incompatible color definition on input line 616.

[10]

Package xcolor Warning: Incompatible color definition on input line 616.


Package xcolor Warning: Incompatible color definition on input line 616.


Package xcolor Warning: Incompatible color definition on input line 622.


Package xcolor Warning: Incompatible color definition on input line 633.


Package xcolor Warning: Incompatible color definition on input line 633.

[11]

Package xcolor Warning: Incompatible color definition on input line 651.


Package xcolor Warning: Incompatible color definition on input line 655.


Package xcolor Warning: Incompatible color definition on input line 655.


Package xcolor Warning: Incompatible color definition on input line 665.


Package xcolor Warning: Incompatible color definition on input line 669.


Package xcolor Warning: Incompatible color definition on input line 669.

<aprendizagem_estatistica_diabetes_files/figure-latex/unnamed-chunk-5-1.pdf, id
=197, 469.755pt x 325.215pt>
File: aprendizagem_estatistica_diabetes_files/figure-latex/unnamed-chunk-5-1.pd
f Graphic file (type pdf)
<use aprendizagem_estatistica_diabetes_files/figure-latex/unnamed-chunk-5-1.pdf
>
Package pdftex.def Info: aprendizagem_estatistica_diabetes_files/figure-latex/u
nnamed-chunk-5-1.pdf  used on input line 671.
(pdftex.def)             Requested size: 469.75386pt x 325.2142pt.

Overfull \hbox (39.99884pt too wide) in paragraph at lines 671--672
[][] 
 []


Package xcolor Warning: Incompatible color definition on input line 673.

[12 <./aprendizagem_estatistica_diabetes_files/figure-latex/unnamed-chunk-5-1.p
df>]

Package xcolor Warning: Incompatible color definition on input line 680.


Package xcolor Warning: Incompatible color definition on input line 680.


Package xcolor Warning: Incompatible color definition on input line 698.


Package xcolor Warning: Incompatible color definition on input line 702.


Package xcolor Warning: Incompatible color definition on input line 702.


Package xcolor Warning: Incompatible color definition on input line 709.


Package xcolor Warning: Incompatible color definition on input line 713.


Package xcolor Warning: Incompatible color definition on input line 713.

<aprendizagem_estatistica_diabetes_files/figure-latex/unnamed-chunk-5-2.pdf, id
=210, 469.755pt x 325.215pt>
File: aprendizagem_estatistica_diabetes_files/figure-latex/unnamed-chunk-5-2.pd
f Graphic file (type pdf)
<use aprendizagem_estatistica_diabetes_files/figure-latex/unnamed-chunk-5-2.pdf
>
Package pdftex.def Info: aprendizagem_estatistica_diabetes_files/figure-latex/u
nnamed-chunk-5-2.pdf  used on input line 715.
(pdftex.def)             Requested size: 469.75386pt x 325.2142pt.

Overfull \hbox (39.99884pt too wide) in paragraph at lines 715--716
[][] 
 []


Package xcolor Warning: Incompatible color definition on input line 717.

[13]

Package xcolor Warning: Incompatible color definition on input line 723.


Package xcolor Warning: Incompatible color definition on input line 723.

[14 <./aprendizagem_estatistica_diabetes_files/figure-latex/unnamed-chunk-5-2.p
df>]

Package xcolor Warning: Incompatible color definition on input line 781.


Package xcolor Warning: Incompatible color definition on input line 785.


Package xcolor Warning: Incompatible color definition on input line 785.


Package xcolor Warning: Incompatible color definition on input line 809.


Package xcolor Warning: Incompatible color definition on input line 813.


Package xcolor Warning: Incompatible color definition on input line 813.


Package xcolor Warning: Incompatible color definition on input line 823.


Package xcolor Warning: Incompatible color definition on input line 827.


Package xcolor Warning: Incompatible color definition on input line 827.

<aprendizagem_estatistica_diabetes_files/figure-latex/unnamed-chunk-5-3.pdf, id
=228, 469.755pt x 325.215pt>
File: aprendizagem_estatistica_diabetes_files/figure-latex/unnamed-chunk-5-3.pd
f Graphic file (type pdf)
<use aprendizagem_estatistica_diabetes_files/figure-latex/unnamed-chunk-5-3.pdf
>
Package pdftex.def Info: aprendizagem_estatistica_diabetes_files/figure-latex/u
nnamed-chunk-5-3.pdf  used on input line 829.
(pdftex.def)             Requested size: 469.75386pt x 325.2142pt.

Overfull \hbox (39.99884pt too wide) in paragraph at lines 829--830
[][] 
 []


Package xcolor Warning: Incompatible color definition on input line 831.

[15]

Package xcolor Warning: Incompatible color definition on input line 838.


Package xcolor Warning: Incompatible color definition on input line 838.


Package xcolor Warning: Incompatible color definition on input line 862.

[16 <./aprendizagem_estatistica_diabetes_files/figure-latex/unnamed-chunk-5-3.p
df>]

Package xcolor Warning: Incompatible color definition on input line 866.


Package xcolor Warning: Incompatible color definition on input line 866.


Package xcolor Warning: Incompatible color definition on input line 873.


Package xcolor Warning: Incompatible color definition on input line 877.


Package xcolor Warning: Incompatible color definition on input line 877.

<aprendizagem_estatistica_diabetes_files/figure-latex/unnamed-chunk-5-4.pdf, id
=245, 469.755pt x 325.215pt>
File: aprendizagem_estatistica_diabetes_files/figure-latex/unnamed-chunk-5-4.pd
f Graphic file (type pdf)
<use aprendizagem_estatistica_diabetes_files/figure-latex/unnamed-chunk-5-4.pdf
>
Package pdftex.def Info: aprendizagem_estatistica_diabetes_files/figure-latex/u
nnamed-chunk-5-4.pdf  used on input line 879.
(pdftex.def)             Requested size: 469.75386pt x 325.2142pt.

Overfull \hbox (39.99884pt too wide) in paragraph at lines 879--880
[][] 
 []


Package xcolor Warning: Incompatible color definition on input line 881.


Package xcolor Warning: Incompatible color definition on input line 888.


Package xcolor Warning: Incompatible color definition on input line 888.

[17 <./aprendizagem_estatistica_diabetes_files/figure-latex/unnamed-chunk-5-4.p
df>]

Package xcolor Warning: Incompatible color definition on input line 906.


Package xcolor Warning: Incompatible color definition on input line 910.


Package xcolor Warning: Incompatible color definition on input line 910.


Package xcolor Warning: Incompatible color definition on input line 917.


Package xcolor Warning: Incompatible color definition on input line 921.


Package xcolor Warning: Incompatible color definition on input line 921.

<aprendizagem_estatistica_diabetes_files/figure-latex/unnamed-chunk-5-5.pdf, id
=258, 469.755pt x 325.215pt>
File: aprendizagem_estatistica_diabetes_files/figure-latex/unnamed-chunk-5-5.pd
f Graphic file (type pdf)
<use aprendizagem_estatistica_diabetes_files/figure-latex/unnamed-chunk-5-5.pdf
>
Package pdftex.def Info: aprendizagem_estatistica_diabetes_files/figure-latex/u
nnamed-chunk-5-5.pdf  used on input line 923.
(pdftex.def)             Requested size: 469.75386pt x 325.2142pt.

Overfull \hbox (39.99884pt too wide) in paragraph at lines 923--924
[][] 
 []


Package xcolor Warning: Incompatible color definition on input line 925.


Package xcolor Warning: Incompatible color definition on input line 932.


Package xcolor Warning: Incompatible color definition on input line 932.

[18 <./aprendizagem_estatistica_diabetes_files/figure-latex/unnamed-chunk-5-5.p
df>]

Package xcolor Warning: Incompatible color definition on input line 950.


Package xcolor Warning: Incompatible color definition on input line 954.


Package xcolor Warning: Incompatible color definition on input line 954.


Package xcolor Warning: Incompatible color definition on input line 961.


Package xcolor Warning: Incompatible color definition on input line 965.


Package xcolor Warning: Incompatible color definition on input line 965.

<aprendizagem_estatistica_diabetes_files/figure-latex/unnamed-chunk-5-6.pdf, id
=271, 469.755pt x 325.215pt>
File: aprendizagem_estatistica_diabetes_files/figure-latex/unnamed-chunk-5-6.pd
f Graphic file (type pdf)
<use aprendizagem_estatistica_diabetes_files/figure-latex/unnamed-chunk-5-6.pdf
>
Package pdftex.def Info: aprendizagem_estatistica_diabetes_files/figure-latex/u
nnamed-chunk-5-6.pdf  used on input line 967.
(pdftex.def)             Requested size: 469.75386pt x 325.2142pt.

Overfull \hbox (39.99884pt too wide) in paragraph at lines 967--968
[][] 
 []


Package xcolor Warning: Incompatible color definition on input line 971.


Package xcolor Warning: Incompatible color definition on input line 976.


Package xcolor Warning: Incompatible color definition on input line 976.


Package xcolor Warning: Incompatible color definition on input line 986.

[19 <./aprendizagem_estatistica_diabetes_files/figure-latex/unnamed-chunk-5-6.p
df>]

Package xcolor Warning: Incompatible color definition on input line 990.


Package xcolor Warning: Incompatible color definition on input line 990.

<aprendizagem_estatistica_diabetes_files/figure-latex/unnamed-chunk-6-1.pdf, id
=285, 469.755pt x 325.215pt>
File: aprendizagem_estatistica_diabetes_files/figure-latex/unnamed-chunk-6-1.pd
f Graphic file (type pdf)
<use aprendizagem_estatistica_diabetes_files/figure-latex/unnamed-chunk-6-1.pdf
>
Package pdftex.def Info: aprendizagem_estatistica_diabetes_files/figure-latex/u
nnamed-chunk-6-1.pdf  used on input line 992.
(pdftex.def)             Requested size: 469.75386pt x 325.2142pt.

Overfull \hbox (39.99884pt too wide) in paragraph at lines 992--993
[][] 
 []


Package xcolor Warning: Incompatible color definition on input line 994.


Package xcolor Warning: Incompatible color definition on input line 999.


Package xcolor Warning: Incompatible color definition on input line 999.

[20 <./aprendizagem_estatistica_diabetes_files/figure-latex/unnamed-chunk-6-1.p
df>]

Package xcolor Warning: Incompatible color definition on input line 1031.


Package xcolor Warning: Incompatible color definition on input line 1036.


Package xcolor Warning: Incompatible color definition on input line 1036.


Package xcolor Warning: Incompatible color definition on input line 1043.


Package xcolor Warning: Incompatible color definition on input line 1047.


Package xcolor Warning: Incompatible color definition on input line 1047.

<aprendizagem_estatistica_diabetes_files/figure-latex/unnamed-chunk-6-2.pdf, id
=298, 469.755pt x 325.215pt>
File: aprendizagem_estatistica_diabetes_files/figure-latex/unnamed-chunk-6-2.pd
f Graphic file (type pdf)
<use aprendizagem_estatistica_diabetes_files/figure-latex/unnamed-chunk-6-2.pdf
>
Package pdftex.def Info: aprendizagem_estatistica_diabetes_files/figure-latex/u
nnamed-chunk-6-2.pdf  used on input line 1049.
(pdftex.def)             Requested size: 469.75386pt x 325.2142pt.

Overfull \hbox (39.99884pt too wide) in paragraph at lines 1049--1050
[][] 
 []


Package xcolor Warning: Incompatible color definition on input line 1051.


Package xcolor Warning: Incompatible color definition on input line 1056.


Package xcolor Warning: Incompatible color definition on input line 1056.

[21 <./aprendizagem_estatistica_diabetes_files/figure-latex/unnamed-chunk-6-2.p
df>]

Package xcolor Warning: Incompatible color definition on input line 1088.


Package xcolor Warning: Incompatible color definition on input line 1093.


Package xcolor Warning: Incompatible color definition on input line 1093.


Package xcolor Warning: Incompatible color definition on input line 1100.


Package xcolor Warning: Incompatible color definition on input line 1104.


Package xcolor Warning: Incompatible color definition on input line 1104.

<aprendizagem_estatistica_diabetes_files/figure-latex/unnamed-chunk-6-3.pdf, id
=312, 469.755pt x 325.215pt>
File: aprendizagem_estatistica_diabetes_files/figure-latex/unnamed-chunk-6-3.pd
f Graphic file (type pdf)
<use aprendizagem_estatistica_diabetes_files/figure-latex/unnamed-chunk-6-3.pdf
>
Package pdftex.def Info: aprendizagem_estatistica_diabetes_files/figure-latex/u
nnamed-chunk-6-3.pdf  used on input line 1106.
(pdftex.def)             Requested size: 469.75386pt x 325.2142pt.

Overfull \hbox (39.99884pt too wide) in paragraph at lines 1106--1107
[][] 
 []


Package xcolor Warning: Incompatible color definition on input line 1108.

[22]

Package xcolor Warning: Incompatible color definition on input line 1113.


Package xcolor Warning: Incompatible color definition on input line 1113.

[23 <./aprendizagem_estatistica_diabetes_files/figure-latex/unnamed-chunk-6-3.p
df>]

Package xcolor Warning: Incompatible color definition on input line 1145.


Package xcolor Warning: Incompatible color definition on input line 1150.


Package xcolor Warning: Incompatible color definition on input line 1150.


Package xcolor Warning: Incompatible color definition on input line 1157.


Package xcolor Warning: Incompatible color definition on input line 1161.


Package xcolor Warning: Incompatible color definition on input line 1161.

<aprendizagem_estatistica_diabetes_files/figure-latex/unnamed-chunk-6-4.pdf, id
=329, 469.755pt x 325.215pt>
File: aprendizagem_estatistica_diabetes_files/figure-latex/unnamed-chunk-6-4.pd
f Graphic file (type pdf)
<use aprendizagem_estatistica_diabetes_files/figure-latex/unnamed-chunk-6-4.pdf
>
Package pdftex.def Info: aprendizagem_estatistica_diabetes_files/figure-latex/u
nnamed-chunk-6-4.pdf  used on input line 1163.
(pdftex.def)             Requested size: 469.75386pt x 325.2142pt.

Overfull \hbox (39.99884pt too wide) in paragraph at lines 1163--1164
[][] 
 []


Package xcolor Warning: Incompatible color definition on input line 1165.


Package xcolor Warning: Incompatible color definition on input line 1170.


Package xcolor Warning: Incompatible color definition on input line 1170.

[24 <./aprendizagem_estatistica_diabetes_files/figure-latex/unnamed-chunk-6-4.p
df>]

Package xcolor Warning: Incompatible color definition on input line 1202.


Package xcolor Warning: Incompatible color definition on input line 1207.


Package xcolor Warning: Incompatible color definition on input line 1207.


Package xcolor Warning: Incompatible color definition on input line 1214.


Package xcolor Warning: Incompatible color definition on input line 1218.


Package xcolor Warning: Incompatible color definition on input line 1218.

<aprendizagem_estatistica_diabetes_files/figure-latex/unnamed-chunk-6-5.pdf, id
=342, 469.755pt x 325.215pt>
File: aprendizagem_estatistica_diabetes_files/figure-latex/unnamed-chunk-6-5.pd
f Graphic file (type pdf)
<use aprendizagem_estatistica_diabetes_files/figure-latex/unnamed-chunk-6-5.pdf
>
Package pdftex.def Info: aprendizagem_estatistica_diabetes_files/figure-latex/u
nnamed-chunk-6-5.pdf  used on input line 1220.
(pdftex.def)             Requested size: 469.75386pt x 325.2142pt.

Overfull \hbox (39.99884pt too wide) in paragraph at lines 1220--1221
[][] 
 []


Package xcolor Warning: Incompatible color definition on input line 1222.

[25]

Package xcolor Warning: Incompatible color definition on input line 1227.


Package xcolor Warning: Incompatible color definition on input line 1227.

[26 <./aprendizagem_estatistica_diabetes_files/figure-latex/unnamed-chunk-6-5.p
df>]

Package xcolor Warning: Incompatible color definition on input line 1259.


Package xcolor Warning: Incompatible color definition on input line 1264.


Package xcolor Warning: Incompatible color definition on input line 1264.


Package xcolor Warning: Incompatible color definition on input line 1271.


Package xcolor Warning: Incompatible color definition on input line 1275.


Package xcolor Warning: Incompatible color definition on input line 1275.

<aprendizagem_estatistica_diabetes_files/figure-latex/unnamed-chunk-6-6.pdf, id
=360, 469.755pt x 325.215pt>
File: aprendizagem_estatistica_diabetes_files/figure-latex/unnamed-chunk-6-6.pd
f Graphic file (type pdf)
<use aprendizagem_estatistica_diabetes_files/figure-latex/unnamed-chunk-6-6.pdf
>
Package pdftex.def Info: aprendizagem_estatistica_diabetes_files/figure-latex/u
nnamed-chunk-6-6.pdf  used on input line 1277.
(pdftex.def)             Requested size: 469.75386pt x 325.2142pt.

Overfull \hbox (39.99884pt too wide) in paragraph at lines 1277--1278
[][] 
 []


Package xcolor Warning: Incompatible color definition on input line 1279.


Package xcolor Warning: Incompatible color definition on input line 1284.


Package xcolor Warning: Incompatible color definition on input line 1284.

[27 <./aprendizagem_estatistica_diabetes_files/figure-latex/unnamed-chunk-6-6.p
df>]

Package xcolor Warning: Incompatible color definition on input line 1320.


Package xcolor Warning: Incompatible color definition on input line 1331.


Package xcolor Warning: Incompatible color definition on input line 1331.


Package xcolor Warning: Incompatible color definition on input line 1349.

[28]

Package xcolor Warning: Incompatible color definition on input line 1353.


Package xcolor Warning: Incompatible color definition on input line 1353.


Package xcolor Warning: Incompatible color definition on input line 1363.


Package xcolor Warning: Incompatible color definition on input line 1367.


Package xcolor Warning: Incompatible color definition on input line 1367.

<aprendizagem_estatistica_diabetes_files/figure-latex/unnamed-chunk-7-1.pdf, id
=377, 469.755pt x 325.215pt>
File: aprendizagem_estatistica_diabetes_files/figure-latex/unnamed-chunk-7-1.pd
f Graphic file (type pdf)
<use aprendizagem_estatistica_diabetes_files/figure-latex/unnamed-chunk-7-1.pdf
>
Package pdftex.def Info: aprendizagem_estatistica_diabetes_files/figure-latex/u
nnamed-chunk-7-1.pdf  used on input line 1369.
(pdftex.def)             Requested size: 469.75386pt x 325.2142pt.

Overfull \hbox (39.99884pt too wide) in paragraph at lines 1369--1370
[][] 
 []


Package xcolor Warning: Incompatible color definition on input line 1371.


Package xcolor Warning: Incompatible color definition on input line 1378.


Package xcolor Warning: Incompatible color definition on input line 1378.

[29 <./aprendizagem_estatistica_diabetes_files/figure-latex/unnamed-chunk-7-1.p
df>]

Package xcolor Warning: Incompatible color definition on input line 1396.


Package xcolor Warning: Incompatible color definition on input line 1400.


Package xcolor Warning: Incompatible color definition on input line 1400.


Package xcolor Warning: Incompatible color definition on input line 1407.


Package xcolor Warning: Incompatible color definition on input line 1411.


Package xcolor Warning: Incompatible color definition on input line 1411.

<aprendizagem_estatistica_diabetes_files/figure-latex/unnamed-chunk-7-2.pdf, id
=390, 469.755pt x 325.215pt>
File: aprendizagem_estatistica_diabetes_files/figure-latex/unnamed-chunk-7-2.pd
f Graphic file (type pdf)
<use aprendizagem_estatistica_diabetes_files/figure-latex/unnamed-chunk-7-2.pdf
>
Package pdftex.def Info: aprendizagem_estatistica_diabetes_files/figure-latex/u
nnamed-chunk-7-2.pdf  used on input line 1413.
(pdftex.def)             Requested size: 469.75386pt x 325.2142pt.

Overfull \hbox (39.99884pt too wide) in paragraph at lines 1413--1414
[][] 
 []


Package xcolor Warning: Incompatible color definition on input line 1415.


Package xcolor Warning: Incompatible color definition on input line 1422.


Package xcolor Warning: Incompatible color definition on input line 1422.

[30 <./aprendizagem_estatistica_diabetes_files/figure-latex/unnamed-chunk-7-2.p
df>]

Package xcolor Warning: Incompatible color definition on input line 1470.


Package xcolor Warning: Incompatible color definition on input line 1474.


Package xcolor Warning: Incompatible color definition on input line 1474.


Package xcolor Warning: Incompatible color definition on input line 1481.


Package xcolor Warning: Incompatible color definition on input line 1485.


Package xcolor Warning: Incompatible color definition on input line 1485.

<aprendizagem_estatistica_diabetes_files/figure-latex/unnamed-chunk-7-3.pdf, id
=403, 469.755pt x 325.215pt>
File: aprendizagem_estatistica_diabetes_files/figure-latex/unnamed-chunk-7-3.pd
f Graphic file (type pdf)
<use aprendizagem_estatistica_diabetes_files/figure-latex/unnamed-chunk-7-3.pdf
>
Package pdftex.def Info: aprendizagem_estatistica_diabetes_files/figure-latex/u
nnamed-chunk-7-3.pdf  used on input line 1487.
(pdftex.def)             Requested size: 469.75386pt x 325.2142pt.

Overfull \hbox (39.99884pt too wide) in paragraph at lines 1487--1488
[][] 
 []


Package xcolor Warning: Incompatible color definition on input line 1489.

[31]

Package xcolor Warning: Incompatible color definition on input line 1496.


Package xcolor Warning: Incompatible color definition on input line 1496.

[32 <./aprendizagem_estatistica_diabetes_files/figure-latex/unnamed-chunk-7-3.p
df>]

Package xcolor Warning: Incompatible color definition on input line 1543.


Package xcolor Warning: Incompatible color definition on input line 1547.


Package xcolor Warning: Incompatible color definition on input line 1547.


Package xcolor Warning: Incompatible color definition on input line 1554.


Package xcolor Warning: Incompatible color definition on input line 1558.


Package xcolor Warning: Incompatible color definition on input line 1558.

<aprendizagem_estatistica_diabetes_files/figure-latex/unnamed-chunk-7-4.pdf, id
=421, 469.755pt x 325.215pt>
File: aprendizagem_estatistica_diabetes_files/figure-latex/unnamed-chunk-7-4.pd
f Graphic file (type pdf)
<use aprendizagem_estatistica_diabetes_files/figure-latex/unnamed-chunk-7-4.pdf
>
Package pdftex.def Info: aprendizagem_estatistica_diabetes_files/figure-latex/u
nnamed-chunk-7-4.pdf  used on input line 1560.
(pdftex.def)             Requested size: 469.75386pt x 325.2142pt.

Overfull \hbox (39.99884pt too wide) in paragraph at lines 1560--1561
[][] 
 []

[33]

Package xcolor Warning: Incompatible color definition on input line 1564.


Package xcolor Warning: Incompatible color definition on input line 1569.


Package xcolor Warning: Incompatible color definition on input line 1569.


Package xcolor Warning: Incompatible color definition on input line 1579.


Package xcolor Warning: Incompatible color definition on input line 1583.


Package xcolor Warning: Incompatible color definition on input line 1583.

<aprendizagem_estatistica_diabetes_files/figure-latex/unnamed-chunk-8-1.pdf, id
=426, 469.755pt x 325.215pt>
File: aprendizagem_estatistica_diabetes_files/figure-latex/unnamed-chunk-8-1.pd
f Graphic file (type pdf)
<use aprendizagem_estatistica_diabetes_files/figure-latex/unnamed-chunk-8-1.pdf
>
Package pdftex.def Info: aprendizagem_estatistica_diabetes_files/figure-latex/u
nnamed-chunk-8-1.pdf  used on input line 1585.
(pdftex.def)             Requested size: 469.75386pt x 325.2142pt.

Overfull \hbox (39.99884pt too wide) in paragraph at lines 1585--1586
[][] 
 []


Package xcolor Warning: Incompatible color definition on input line 1587.

[34 <./aprendizagem_estatistica_diabetes_files/figure-latex/unnamed-chunk-7-4.p
df>]

Package xcolor Warning: Incompatible color definition on input line 1592.


Package xcolor Warning: Incompatible color definition on input line 1592.

[35 <./aprendizagem_estatistica_diabetes_files/figure-latex/unnamed-chunk-8-1.p
df>]

Package xcolor Warning: Incompatible color definition on input line 1624.


Package xcolor Warning: Incompatible color definition on input line 1629.


Package xcolor Warning: Incompatible color definition on input line 1629.


Package xcolor Warning: Incompatible color definition on input line 1636.


Package xcolor Warning: Incompatible color definition on input line 1640.


Package xcolor Warning: Incompatible color definition on input line 1640.

<aprendizagem_estatistica_diabetes_files/figure-latex/unnamed-chunk-8-2.pdf, id
=452, 469.755pt x 325.215pt>
File: aprendizagem_estatistica_diabetes_files/figure-latex/unnamed-chunk-8-2.pd
f Graphic file (type pdf)
<use aprendizagem_estatistica_diabetes_files/figure-latex/unnamed-chunk-8-2.pdf
>
Package pdftex.def Info: aprendizagem_estatistica_diabetes_files/figure-latex/u
nnamed-chunk-8-2.pdf  used on input line 1642.
(pdftex.def)             Requested size: 469.75386pt x 325.2142pt.

Overfull \hbox (39.99884pt too wide) in paragraph at lines 1642--1643
[][] 
 []


Package xcolor Warning: Incompatible color definition on input line 1644.


Package xcolor Warning: Incompatible color definition on input line 1649.


Package xcolor Warning: Incompatible color definition on input line 1649.

[36 <./aprendizagem_estatistica_diabetes_files/figure-latex/unnamed-chunk-8-2.p
df>]

Package xcolor Warning: Incompatible color definition on input line 1681.


Package xcolor Warning: Incompatible color definition on input line 1686.


Package xcolor Warning: Incompatible color definition on input line 1686.


Package xcolor Warning: Incompatible color definition on input line 1693.


Package xcolor Warning: Incompatible color definition on input line 1697.


Package xcolor Warning: Incompatible color definition on input line 1697.

<aprendizagem_estatistica_diabetes_files/figure-latex/unnamed-chunk-8-3.pdf, id
=465, 469.755pt x 325.215pt>
File: aprendizagem_estatistica_diabetes_files/figure-latex/unnamed-chunk-8-3.pd
f Graphic file (type pdf)
<use aprendizagem_estatistica_diabetes_files/figure-latex/unnamed-chunk-8-3.pdf
>
Package pdftex.def Info: aprendizagem_estatistica_diabetes_files/figure-latex/u
nnamed-chunk-8-3.pdf  used on input line 1699.
(pdftex.def)             Requested size: 469.75386pt x 325.2142pt.

Overfull \hbox (39.99884pt too wide) in paragraph at lines 1699--1700
[][] 
 []


Package xcolor Warning: Incompatible color definition on input line 1701.

[37]

Package xcolor Warning: Incompatible color definition on input line 1706.


Package xcolor Warning: Incompatible color definition on input line 1706.

[38 <./aprendizagem_estatistica_diabetes_files/figure-latex/unnamed-chunk-8-3.p
df>]

Package xcolor Warning: Incompatible color definition on input line 1738.


Package xcolor Warning: Incompatible color definition on input line 1743.


Package xcolor Warning: Incompatible color definition on input line 1743.


Package xcolor Warning: Incompatible color definition on input line 1750.


Package xcolor Warning: Incompatible color definition on input line 1754.


Package xcolor Warning: Incompatible color definition on input line 1754.

<aprendizagem_estatistica_diabetes_files/figure-latex/unnamed-chunk-8-4.pdf, id
=483, 469.755pt x 325.215pt>
File: aprendizagem_estatistica_diabetes_files/figure-latex/unnamed-chunk-8-4.pd
f Graphic file (type pdf)
<use aprendizagem_estatistica_diabetes_files/figure-latex/unnamed-chunk-8-4.pdf
>
Package pdftex.def Info: aprendizagem_estatistica_diabetes_files/figure-latex/u
nnamed-chunk-8-4.pdf  used on input line 1756.
(pdftex.def)             Requested size: 469.75386pt x 325.2142pt.

Overfull \hbox (39.99884pt too wide) in paragraph at lines 1756--1757
[][] 
 []


Package xcolor Warning: Incompatible color definition on input line 1758.


Package xcolor Warning: Incompatible color definition on input line 1763.


Package xcolor Warning: Incompatible color definition on input line 1763.

[39 <./aprendizagem_estatistica_diabetes_files/figure-latex/unnamed-chunk-8-4.p
df>]

Package xcolor Warning: Incompatible color definition on input line 1799.


Package xcolor Warning: Incompatible color definition on input line 1817.


Package xcolor Warning: Incompatible color definition on input line 1817.

[40]

Package xcolor Warning: Incompatible color definition on input line 1881.


Package xcolor Warning: Incompatible color definition on input line 1885.


Package xcolor Warning: Incompatible color definition on input line 1885.

[41]

Package xcolor Warning: Incompatible color definition on input line 1915.


Package xcolor Warning: Incompatible color definition on input line 1919.


Package xcolor Warning: Incompatible color definition on input line 1919.


Package xcolor Warning: Incompatible color definition on input line 1929.


Package xcolor Warning: Incompatible color definition on input line 1933.


Package xcolor Warning: Incompatible color definition on input line 1933.

<aprendizagem_estatistica_diabetes_files/figure-latex/unnamed-chunk-9-1.pdf, id
=504, 469.755pt x 325.215pt>
File: aprendizagem_estatistica_diabetes_files/figure-latex/unnamed-chunk-9-1.pd
f Graphic file (type pdf)
<use aprendizagem_estatistica_diabetes_files/figure-latex/unnamed-chunk-9-1.pdf
>
Package pdftex.def Info: aprendizagem_estatistica_diabetes_files/figure-latex/u
nnamed-chunk-9-1.pdf  used on input line 1935.
(pdftex.def)             Requested size: 469.75386pt x 325.2142pt.

Overfull \hbox (39.99884pt too wide) in paragraph at lines 1935--1936
[][] 
 []


Package xcolor Warning: Incompatible color definition on input line 1937.

[42]

Package xcolor Warning: Incompatible color definition on input line 1951.


Package xcolor Warning: Incompatible color definition on input line 1951.

[43 <./aprendizagem_estatistica_diabetes_files/figure-latex/unnamed-chunk-9-1.p
df>]

Package xcolor Warning: Incompatible color definition on input line 2015.


Package xcolor Warning: Incompatible color definition on input line 2019.


Package xcolor Warning: Incompatible color definition on input line 2019.

[44]

Package xcolor Warning: Incompatible color definition on input line 2049.


Package xcolor Warning: Incompatible color definition on input line 2053.


Package xcolor Warning: Incompatible color definition on input line 2053.


Package xcolor Warning: Incompatible color definition on input line 2060.


Package xcolor Warning: Incompatible color definition on input line 2064.


Package xcolor Warning: Incompatible color definition on input line 2064.

<aprendizagem_estatistica_diabetes_files/figure-latex/unnamed-chunk-9-2.pdf, id
=526, 469.755pt x 325.215pt>
File: aprendizagem_estatistica_diabetes_files/figure-latex/unnamed-chunk-9-2.pd
f Graphic file (type pdf)
<use aprendizagem_estatistica_diabetes_files/figure-latex/unnamed-chunk-9-2.pdf
>
Package pdftex.def Info: aprendizagem_estatistica_diabetes_files/figure-latex/u
nnamed-chunk-9-2.pdf  used on input line 2066.
(pdftex.def)             Requested size: 469.75386pt x 325.2142pt.

Overfull \hbox (39.99884pt too wide) in paragraph at lines 2066--2067
[][] 
 []

[45]

Package xcolor Warning: Incompatible color definition on input line 2071.


Package xcolor Warning: Incompatible color definition on input line 2076.


Package xcolor Warning: Incompatible color definition on input line 2076.


Package xcolor Warning: Incompatible color definition on input line 2082.


Package xcolor Warning: Incompatible color definition on input line 2086.


Package xcolor Warning: Incompatible color definition on input line 2086.

<aprendizagem_estatistica_diabetes_files/figure-latex/unnamed-chunk-10-1.pdf, i
d=531, 469.755pt x 325.215pt>
File: aprendizagem_estatistica_diabetes_files/figure-latex/unnamed-chunk-10-1.p
df Graphic file (type pdf)
<use aprendizagem_estatistica_diabetes_files/figure-latex/unnamed-chunk-10-1.pd
f>
Package pdftex.def Info: aprendizagem_estatistica_diabetes_files/figure-latex/u
nnamed-chunk-10-1.pdf  used on input line 2108.
(pdftex.def)             Requested size: 469.75386pt x 325.2142pt.

Overfull \hbox (39.99884pt too wide) in paragraph at lines 2108--2109
[][] 
 []


Package xcolor Warning: Incompatible color definition on input line 2110.

[46 <./aprendizagem_estatistica_diabetes_files/figure-latex/unnamed-chunk-9-2.p
df>]

Package xcolor Warning: Incompatible color definition on input line 2115.


Package xcolor Warning: Incompatible color definition on input line 2115.


Package xcolor Warning: Incompatible color definition on input line 2121.


Package xcolor Warning: Incompatible color definition on input line 2125.


Package xcolor Warning: Incompatible color definition on input line 2125.

<aprendizagem_estatistica_diabetes_files/figure-latex/unnamed-chunk-10-2.pdf, i
d=544, 469.755pt x 325.215pt>
File: aprendizagem_estatistica_diabetes_files/figure-latex/unnamed-chunk-10-2.p
df Graphic file (type pdf)
<use aprendizagem_estatistica_diabetes_files/figure-latex/unnamed-chunk-10-2.pd
f>
Package pdftex.def Info: aprendizagem_estatistica_diabetes_files/figure-latex/u
nnamed-chunk-10-2.pdf  used on input line 2149.
(pdftex.def)             Requested size: 469.75386pt x 325.2142pt.

Overfull \hbox (39.99884pt too wide) in paragraph at lines 2149--2150
[][] 
 []

[47 <./aprendizagem_estatistica_diabetes_files/figure-latex/unnamed-chunk-10-1.
pdf>]

Package xcolor Warning: Incompatible color definition on input line 2153.


Package xcolor Warning: Incompatible color definition on input line 2158.


Package xcolor Warning: Incompatible color definition on input line 2158.


Package xcolor Warning: Incompatible color definition on input line 2168.


Package xcolor Warning: Incompatible color definition on input line 2172.


Package xcolor Warning: Incompatible color definition on input line 2172.

<aprendizagem_estatistica_diabetes_files/figure-latex/unnamed-chunk-11-1.pdf, i
d=555, 469.755pt x 325.215pt>
File: aprendizagem_estatistica_diabetes_files/figure-latex/unnamed-chunk-11-1.p
df Graphic file (type pdf)
<use aprendizagem_estatistica_diabetes_files/figure-latex/unnamed-chunk-11-1.pd
f>
Package pdftex.def Info: aprendizagem_estatistica_diabetes_files/figure-latex/u
nnamed-chunk-11-1.pdf  used on input line 2174.
(pdftex.def)             Requested size: 469.75386pt x 325.2142pt.

Overfull \hbox (39.99884pt too wide) in paragraph at lines 2174--2175
[][] 
 []


Package xcolor Warning: Incompatible color definition on input line 2176.

[48 <./aprendizagem_estatistica_diabetes_files/figure-latex/unnamed-chunk-10-2.
pdf>]

Package xcolor Warning: Incompatible color definition on input line 2181.


Package xcolor Warning: Incompatible color definition on input line 2181.


Package xcolor Warning: Incompatible color definition on input line 2187.


Package xcolor Warning: Incompatible color definition on input line 2191.


Package xcolor Warning: Incompatible color definition on input line 2191.

[49 <./aprendizagem_estatistica_diabetes_files/figure-latex/unnamed-chunk-11-1.
pdf>]

Package xcolor Warning: Incompatible color definition on input line 2223.


Package xcolor Warning: Incompatible color definition on input line 2228.


Package xcolor Warning: Incompatible color definition on input line 2228.


Package xcolor Warning: Incompatible color definition on input line 2235.


Package xcolor Warning: Incompatible color definition on input line 2239.


Package xcolor Warning: Incompatible color definition on input line 2239.

<aprendizagem_estatistica_diabetes_files/figure-latex/unnamed-chunk-11-2.pdf, i
d=580, 469.755pt x 325.215pt>
File: aprendizagem_estatistica_diabetes_files/figure-latex/unnamed-chunk-11-2.p
df Graphic file (type pdf)
<use aprendizagem_estatistica_diabetes_files/figure-latex/unnamed-chunk-11-2.pd
f>
Package pdftex.def Info: aprendizagem_estatistica_diabetes_files/figure-latex/u
nnamed-chunk-11-2.pdf  used on input line 2241.
(pdftex.def)             Requested size: 469.75386pt x 325.2142pt.

Overfull \hbox (39.99884pt too wide) in paragraph at lines 2241--2242
[][] 
 []


Package xcolor Warning: Incompatible color definition on input line 2243.


Package xcolor Warning: Incompatible color definition on input line 2248.


Package xcolor Warning: Incompatible color definition on input line 2248.


Package xcolor Warning: Incompatible color definition on input line 2254.

[50 <./aprendizagem_estatistica_diabetes_files/figure-latex/unnamed-chunk-11-2.
pdf>]

Package xcolor Warning: Incompatible color definition on input line 2258.


Package xcolor Warning: Incompatible color definition on input line 2258.


Package xcolor Warning: Incompatible color definition on input line 2303.


Package xcolor Warning: Incompatible color definition on input line 2318.


Package xcolor Warning: Incompatible color definition on input line 2318.


Package xcolor Warning: Incompatible color definition on input line 2318.

[51]

Package xcolor Warning: Incompatible color definition on input line 2318.


Package xcolor Warning: Incompatible color definition on input line 2318.


Package xcolor Warning: Incompatible color definition on input line 2348.


Package xcolor Warning: Incompatible color definition on input line 2352.


Package xcolor Warning: Incompatible color definition on input line 2352.

<aprendizagem_estatistica_diabetes_files/figure-latex/unnamed-chunk-12-1.pdf, i
d=598, 469.755pt x 325.215pt>
File: aprendizagem_estatistica_diabetes_files/figure-latex/unnamed-chunk-12-1.p
df Graphic file (type pdf)
<use aprendizagem_estatistica_diabetes_files/figure-latex/unnamed-chunk-12-1.pd
f>
Package pdftex.def Info: aprendizagem_estatistica_diabetes_files/figure-latex/u
nnamed-chunk-12-1.pdf  used on input line 2354.
(pdftex.def)             Requested size: 469.75386pt x 325.2142pt.

Overfull \hbox (39.99884pt too wide) in paragraph at lines 2354--2355
[][] 
 []


Package xcolor Warning: Incompatible color definition on input line 2356.

[52]

Package xcolor Warning: Incompatible color definition on input line 2360.


Package xcolor Warning: Incompatible color definition on input line 2360.


Package xcolor Warning: Incompatible color definition on input line 2370.


Package xcolor Warning: Incompatible color definition on input line 2374.


Package xcolor Warning: Incompatible color definition on input line 2374.

<aprendizagem_estatistica_diabetes_files/figure-latex/unnamed-chunk-12-2.pdf, i
d=603, 469.755pt x 325.215pt>
File: aprendizagem_estatistica_diabetes_files/figure-latex/unnamed-chunk-12-2.p
df Graphic file (type pdf)
<use aprendizagem_estatistica_diabetes_files/figure-latex/unnamed-chunk-12-2.pd
f>
Package pdftex.def Info: aprendizagem_estatistica_diabetes_files/figure-latex/u
nnamed-chunk-12-2.pdf  used on input line 2376.
(pdftex.def)             Requested size: 469.75386pt x 325.2142pt.

Overfull \hbox (39.99884pt too wide) in paragraph at lines 2376--2377
[][] 
 []

[53 <./aprendizagem_estatistica_diabetes_files/figure-latex/unnamed-chunk-12-1.
pdf>]

Package xcolor Warning: Incompatible color definition on input line 2381.


Package xcolor Warning: Incompatible color definition on input line 2393.


Package xcolor Warning: Incompatible color definition on input line 2393.

[54 <./aprendizagem_estatistica_diabetes_files/figure-latex/unnamed-chunk-12-2.
pdf>]

Package xcolor Warning: Incompatible color definition on input line 2423.


Package xcolor Warning: Incompatible color definition on input line 2427.


Package xcolor Warning: Incompatible color definition on input line 2427.

<aprendizagem_estatistica_diabetes_files/figure-latex/unnamed-chunk-13-1.pdf, i
d=627, 469.755pt x 325.215pt>
File: aprendizagem_estatistica_diabetes_files/figure-latex/unnamed-chunk-13-1.p
df Graphic file (type pdf)
<use aprendizagem_estatistica_diabetes_files/figure-latex/unnamed-chunk-13-1.pd
f>
Package pdftex.def Info: aprendizagem_estatistica_diabetes_files/figure-latex/u
nnamed-chunk-13-1.pdf  used on input line 2429.
(pdftex.def)             Requested size: 469.75386pt x 325.2142pt.

Overfull \hbox (39.99884pt too wide) in paragraph at lines 2429--2430
[][] 
 []


Package xcolor Warning: Incompatible color definition on input line 2431.


Package xcolor Warning: Incompatible color definition on input line 2435.


Package xcolor Warning: Incompatible color definition on input line 2435.


Package xcolor Warning: Incompatible color definition on input line 2445.

[55 <./aprendizagem_estatistica_diabetes_files/figure-latex/unnamed-chunk-13-1.
pdf>]

Package xcolor Warning: Incompatible color definition on input line 2449.


Package xcolor Warning: Incompatible color definition on input line 2449.

<aprendizagem_estatistica_diabetes_files/figure-latex/unnamed-chunk-13-2.pdf, i
d=639, 469.755pt x 325.215pt>
File: aprendizagem_estatistica_diabetes_files/figure-latex/unnamed-chunk-13-2.p
df Graphic file (type pdf)
<use aprendizagem_estatistica_diabetes_files/figure-latex/unnamed-chunk-13-2.pd
f>
Package pdftex.def Info: aprendizagem_estatistica_diabetes_files/figure-latex/u
nnamed-chunk-13-2.pdf  used on input line 2451.
(pdftex.def)             Requested size: 469.75386pt x 325.2142pt.

Overfull \hbox (39.99884pt too wide) in paragraph at lines 2451--2452
[][] 
 []


Package xcolor Warning: Incompatible color definition on input line 2456.


Package xcolor Warning: Incompatible color definition on input line 2470.


Package xcolor Warning: Incompatible color definition on input line 2470.

[56 <./aprendizagem_estatistica_diabetes_files/figure-latex/unnamed-chunk-13-2.
pdf>] [57] [58]

Package xcolor Warning: Incompatible color definition on input line 2590.


Package xcolor Warning: Incompatible color definition on input line 2594.


Package xcolor Warning: Incompatible color definition on input line 2594.

<aprendizagem_estatistica_diabetes_files/figure-latex/unnamed-chunk-14-1.pdf, i
d=661, 469.755pt x 325.215pt>
File: aprendizagem_estatistica_diabetes_files/figure-latex/unnamed-chunk-14-1.p
df Graphic file (type pdf)
<use aprendizagem_estatistica_diabetes_files/figure-latex/unnamed-chunk-14-1.pd
f>
Package pdftex.def Info: aprendizagem_estatistica_diabetes_files/figure-latex/u
nnamed-chunk-14-1.pdf  used on input line 2596.
(pdftex.def)             Requested size: 469.75386pt x 325.2142pt.

Overfull \hbox (39.99884pt too wide) in paragraph at lines 2596--2597
[][] 
 []


Package xcolor Warning: Incompatible color definition on input line 2598.


Package xcolor Warning: Incompatible color definition on input line 2602.


Package xcolor Warning: Incompatible color definition on input line 2602.


Package xcolor Warning: Incompatible color definition on input line 2612.


Package xcolor Warning: Incompatible color definition on input line 2616.


Package xcolor Warning: Incompatible color definition on input line 2616.

<aprendizagem_estatistica_diabetes_files/figure-latex/unnamed-chunk-14-2.pdf, i
d=662, 469.755pt x 325.215pt>
File: aprendizagem_estatistica_diabetes_files/figure-latex/unnamed-chunk-14-2.p
df Graphic file (type pdf)
<use aprendizagem_estatistica_diabetes_files/figure-latex/unnamed-chunk-14-2.pd
f>
Package pdftex.def Info: aprendizagem_estatistica_diabetes_files/figure-latex/u
nnamed-chunk-14-2.pdf  used on input line 2618.
(pdftex.def)             Requested size: 469.75386pt x 325.2142pt.

Overfull \hbox (39.99884pt too wide) in paragraph at lines 2618--2619
[][] 
 []

[59 <./aprendizagem_estatistica_diabetes_files/figure-latex/unnamed-chunk-14-1.
pdf>]

Package xcolor Warning: Incompatible color definition on input line 2623.


Package xcolor Warning: Incompatible color definition on input line 2635.


Package xcolor Warning: Incompatible color definition on input line 2635.

[60 <./aprendizagem_estatistica_diabetes_files/figure-latex/unnamed-chunk-14-2.
pdf>] [61]

Package xcolor Warning: Incompatible color definition on input line 2755.


Package xcolor Warning: Incompatible color definition on input line 2759.


Package xcolor Warning: Incompatible color definition on input line 2759.

<aprendizagem_estatistica_diabetes_files/figure-latex/unnamed-chunk-15-1.pdf, i
d=692, 469.755pt x 325.215pt>
File: aprendizagem_estatistica_diabetes_files/figure-latex/unnamed-chunk-15-1.p
df Graphic file (type pdf)
<use aprendizagem_estatistica_diabetes_files/figure-latex/unnamed-chunk-15-1.pd
f>
Package pdftex.def Info: aprendizagem_estatistica_diabetes_files/figure-latex/u
nnamed-chunk-15-1.pdf  used on input line 2761.
(pdftex.def)             Requested size: 469.75386pt x 325.2142pt.

Overfull \hbox (39.99884pt too wide) in paragraph at lines 2761--2762
[][] 
 []


Package xcolor Warning: Incompatible color definition on input line 2763.

[62]

Package xcolor Warning: Incompatible color definition on input line 2767.


Package xcolor Warning: Incompatible color definition on input line 2767.


Package xcolor Warning: Incompatible color definition on input line 2777.


Package xcolor Warning: Incompatible color definition on input line 2781.


Package xcolor Warning: Incompatible color definition on input line 2781.

<aprendizagem_estatistica_diabetes_files/figure-latex/unnamed-chunk-15-2.pdf, i
d=697, 469.755pt x 325.215pt>
File: aprendizagem_estatistica_diabetes_files/figure-latex/unnamed-chunk-15-2.p
df Graphic file (type pdf)
<use aprendizagem_estatistica_diabetes_files/figure-latex/unnamed-chunk-15-2.pd
f>
Package pdftex.def Info: aprendizagem_estatistica_diabetes_files/figure-latex/u
nnamed-chunk-15-2.pdf  used on input line 2783.
(pdftex.def)             Requested size: 469.75386pt x 325.2142pt.

Overfull \hbox (39.99884pt too wide) in paragraph at lines 2783--2784
[][] 
 []

[63 <./aprendizagem_estatistica_diabetes_files/figure-latex/unnamed-chunk-15-1.
pdf>]

Package xcolor Warning: Incompatible color definition on input line 2787.


Package xcolor Warning: Incompatible color definition on input line 2792.


Package xcolor Warning: Incompatible color definition on input line 2792.


Package xcolor Warning: Incompatible color definition on input line 2802.


Package xcolor Warning: Incompatible color definition on input line 2806.


Package xcolor Warning: Incompatible color definition on input line 2806.

<aprendizagem_estatistica_diabetes_files/figure-latex/unnamed-chunk-16-1.pdf, i
d=708, 469.755pt x 325.215pt>
File: aprendizagem_estatistica_diabetes_files/figure-latex/unnamed-chunk-16-1.p
df Graphic file (type pdf)
<use aprendizagem_estatistica_diabetes_files/figure-latex/unnamed-chunk-16-1.pd
f>
Package pdftex.def Info: aprendizagem_estatistica_diabetes_files/figure-latex/u
nnamed-chunk-16-1.pdf  used on input line 2808.
(pdftex.def)             Requested size: 469.75386pt x 325.2142pt.

Overfull \hbox (39.99884pt too wide) in paragraph at lines 2808--2809
[][] 
 []


Package xcolor Warning: Incompatible color definition on input line 2810.

[64 <./aprendizagem_estatistica_diabetes_files/figure-latex/unnamed-chunk-15-2.
pdf>]

Package xcolor Warning: Incompatible color definition on input line 2815.


Package xcolor Warning: Incompatible color definition on input line 2815.

[65 <./aprendizagem_estatistica_diabetes_files/figure-latex/unnamed-chunk-16-1.
pdf>]

Package xcolor Warning: Incompatible color definition on input line 2847.


Package xcolor Warning: Incompatible color definition on input line 2852.


Package xcolor Warning: Incompatible color definition on input line 2852.


Package xcolor Warning: Incompatible color definition on input line 2859.


Package xcolor Warning: Incompatible color definition on input line 2863.


Package xcolor Warning: Incompatible color definition on input line 2863.

<aprendizagem_estatistica_diabetes_files/figure-latex/unnamed-chunk-16-2.pdf, i
d=733, 469.755pt x 325.215pt>
File: aprendizagem_estatistica_diabetes_files/figure-latex/unnamed-chunk-16-2.p
df Graphic file (type pdf)
<use aprendizagem_estatistica_diabetes_files/figure-latex/unnamed-chunk-16-2.pd
f>
Package pdftex.def Info: aprendizagem_estatistica_diabetes_files/figure-latex/u
nnamed-chunk-16-2.pdf  used on input line 2865.
(pdftex.def)             Requested size: 469.75386pt x 325.2142pt.

Overfull \hbox (39.99884pt too wide) in paragraph at lines 2865--2866
[][] 
 []


Package xcolor Warning: Incompatible color definition on input line 2867.


Package xcolor Warning: Incompatible color definition on input line 2872.


Package xcolor Warning: Incompatible color definition on input line 2872.

[66 <./aprendizagem_estatistica_diabetes_files/figure-latex/unnamed-chunk-16-2.
pdf>]

Package xcolor Warning: Incompatible color definition on input line 2904.


Package xcolor Warning: Incompatible color definition on input line 2909.


Package xcolor Warning: Incompatible color definition on input line 2909.


Package xcolor Warning: Incompatible color definition on input line 2916.


Package xcolor Warning: Incompatible color definition on input line 2920.


Package xcolor Warning: Incompatible color definition on input line 2920.

<aprendizagem_estatistica_diabetes_files/figure-latex/unnamed-chunk-16-3.pdf, i
d=746, 469.755pt x 325.215pt>
File: aprendizagem_estatistica_diabetes_files/figure-latex/unnamed-chunk-16-3.p
df Graphic file (type pdf)
<use aprendizagem_estatistica_diabetes_files/figure-latex/unnamed-chunk-16-3.pd
f>
Package pdftex.def Info: aprendizagem_estatistica_diabetes_files/figure-latex/u
nnamed-chunk-16-3.pdf  used on input line 2922.
(pdftex.def)             Requested size: 469.75386pt x 325.2142pt.

Overfull \hbox (39.99884pt too wide) in paragraph at lines 2922--2923
[][] 
 []


Package xcolor Warning: Incompatible color definition on input line 2924.

[67]

Package xcolor Warning: Incompatible color definition on input line 2929.


Package xcolor Warning: Incompatible color definition on input line 2929.

[68 <./aprendizagem_estatistica_diabetes_files/figure-latex/unnamed-chunk-16-3.
pdf>]

Package xcolor Warning: Incompatible color definition on input line 2961.


Package xcolor Warning: Incompatible color definition on input line 2966.


Package xcolor Warning: Incompatible color definition on input line 2966.


Package xcolor Warning: Incompatible color definition on input line 2973.


Package xcolor Warning: Incompatible color definition on input line 2977.


Package xcolor Warning: Incompatible color definition on input line 2977.

<aprendizagem_estatistica_diabetes_files/figure-latex/unnamed-chunk-16-4.pdf, i
d=764, 469.755pt x 325.215pt>
File: aprendizagem_estatistica_diabetes_files/figure-latex/unnamed-chunk-16-4.p
df Graphic file (type pdf)
<use aprendizagem_estatistica_diabetes_files/figure-latex/unnamed-chunk-16-4.pd
f>
Package pdftex.def Info: aprendizagem_estatistica_diabetes_files/figure-latex/u
nnamed-chunk-16-4.pdf  used on input line 2979.
(pdftex.def)             Requested size: 469.75386pt x 325.2142pt.

Overfull \hbox (39.99884pt too wide) in paragraph at lines 2979--2980
[][] 
 []


Package xcolor Warning: Incompatible color definition on input line 2981.


Package xcolor Warning: Incompatible color definition on input line 2986.


Package xcolor Warning: Incompatible color definition on input line 2986.

[69 <./aprendizagem_estatistica_diabetes_files/figure-latex/unnamed-chunk-16-4.
pdf>]

Package xcolor Warning: Incompatible color definition on input line 3023.


Package xcolor Warning: Incompatible color definition on input line 3027.


Package xcolor Warning: Incompatible color definition on input line 3027.


Package xcolor Warning: Incompatible color definition on input line 3037.


Package xcolor Warning: Incompatible color definition on input line 3041.


Package xcolor Warning: Incompatible color definition on input line 3041.

<aprendizagem_estatistica_diabetes_files/figure-latex/unnamed-chunk-17-1.pdf, i
d=777, 469.755pt x 325.215pt>
File: aprendizagem_estatistica_diabetes_files/figure-latex/unnamed-chunk-17-1.p
df Graphic file (type pdf)
<use aprendizagem_estatistica_diabetes_files/figure-latex/unnamed-chunk-17-1.pd
f>
Package pdftex.def Info: aprendizagem_estatistica_diabetes_files/figure-latex/u
nnamed-chunk-17-1.pdf  used on input line 3043.
(pdftex.def)             Requested size: 469.75386pt x 325.2142pt.

Overfull \hbox (39.99884pt too wide) in paragraph at lines 3043--3044
[][] 
 []


Package xcolor Warning: Incompatible color definition on input line 3045.

[70]

Package xcolor Warning: Incompatible color definition on input line 3050.


Package xcolor Warning: Incompatible color definition on input line 3050.

[71 <./aprendizagem_estatistica_diabetes_files/figure-latex/unnamed-chunk-17-1.
pdf>]

Package xcolor Warning: Incompatible color definition on input line 3085.


Package xcolor Warning: Incompatible color definition on input line 3090.


Package xcolor Warning: Incompatible color definition on input line 3090.


Package xcolor Warning: Incompatible color definition on input line 3100.


Package xcolor Warning: Incompatible color definition on input line 3104.


Package xcolor Warning: Incompatible color definition on input line 3104.

<aprendizagem_estatistica_diabetes_files/figure-latex/unnamed-chunk-18-1.pdf, i
d=794, 469.755pt x 325.215pt>
File: aprendizagem_estatistica_diabetes_files/figure-latex/unnamed-chunk-18-1.p
df Graphic file (type pdf)
<use aprendizagem_estatistica_diabetes_files/figure-latex/unnamed-chunk-18-1.pd
f>
Package pdftex.def Info: aprendizagem_estatistica_diabetes_files/figure-latex/u
nnamed-chunk-18-1.pdf  used on input line 3106.
(pdftex.def)             Requested size: 469.75386pt x 325.2142pt.

Overfull \hbox (39.99884pt too wide) in paragraph at lines 3106--3107
[][] 
 []


Package xcolor Warning: Incompatible color definition on input line 3108.


Package xcolor Warning: Incompatible color definition on input line 3113.


Package xcolor Warning: Incompatible color definition on input line 3113.

[72 <./aprendizagem_estatistica_diabetes_files/figure-latex/unnamed-chunk-18-1.
pdf>] [73] (./aprendizagem_estatistica_diabetes.aux)
Package rerunfilecheck Info: File `aprendizagem_estatistica_diabetes.out' has n
ot changed.
(rerunfilecheck)             Checksum: D851A1F59EB1BED6F318B6E69CAB4BF2;2396.
 ) 
Here is how much of TeX's memory you used:
 16459 strings out of 481446
 273078 string characters out of 5918361
 576677 words of memory out of 5000000
 32719 multiletter control sequences out of 15000+600000
 609006 words of font info for 91 fonts, out of 8000000 for 9000
 16 hyphenation exceptions out of 8191
 66i,12n,72p,489b,492s stack positions out of 5000i,500n,10000p,200000b,80000s
pdfTeX warning (dest): name{Hfootnote.5} has been referenced but does not exi
st, replaced by a fixed one

pdfTeX warning (dest): name{Hfootnote.4} has been referenced but does not exist
, replaced by a fixed one

pdfTeX warning (dest): name{Hfootnote.3} has been referenced but does not exist
, replaced by a fixed one

pdfTeX warning (dest): name{Hfootnote.2} has been referenced but does not exist
, replaced by a fixed one

pdfTeX warning (dest): name{Hfootnote.1} has been referenced but does not exist
, replaced by a fixed one

{c:/Users/Rodrigo Araujo/AppData/Roaming/TinyTeX/texmf-dist/fonts/enc/dvips/lm/
lm-ec.enc}<c:/Users/Rodrigo Araujo/AppData/Roaming/TinyTeX/texmf-dist/fonts/typ
e1/public/lm/lmbx10.pfb><c:/Users/Rodrigo Araujo/AppData/Roaming/TinyTeX/texmf-
dist/fonts/type1/public/lm/lmbx12.pfb><c:/Users/Rodrigo Araujo/AppData/Roaming/
TinyTeX/texmf-dist/fonts/type1/public/lm/lmr10.pfb><c:/Users/Rodrigo Araujo/App
Data/Roaming/TinyTeX/texmf-dist/fonts/type1/public/lm/lmr12.pfb><c:/Users/Rodri
go Araujo/AppData/Roaming/TinyTeX/texmf-dist/fonts/type1/public/lm/lmr17.pfb><c
:/Users/Rodrigo Araujo/AppData/Roaming/TinyTeX/texmf-dist/fonts/type1/public/lm
/lmr6.pfb><c:/Users/Rodrigo Araujo/AppData/Roaming/TinyTeX/texmf-dist/fonts/typ
e1/public/lm/lmr8.pfb><c:/Users/Rodrigo Araujo/AppData/Roaming/TinyTeX/texmf-di
st/fonts/type1/public/lm/lmtk10.pfb><c:/Users/Rodrigo Araujo/AppData/Roaming/Ti
nyTeX/texmf-dist/fonts/type1/public/lm/lmtt10.pfb><c:/Users/Rodrigo Araujo/AppD
ata/Roaming/TinyTeX/texmf-dist/fonts/type1/public/lm/lmtti10.pfb>
Output written on aprendizagem_estatistica_diabetes.pdf (73 pages, 1611252 byte
s).
PDF statistics:
 873 PDF objects out of 1000 (max. 8388607)
 690 compressed objects within 7 object streams
 102 named destinations out of 1000 (max. 500000)
 370 words of extra memory for PDF output out of 10000 (max. 10000000)

